This file contains any messages produced by compilers while
running configure, to aid debugging if configure makes a mistake.

It was created by wslay configure 1.0.1-DEV, which was
generated by GNU Autoconf 2.69.  Invocation command line was

  $ ./configure --disable-option-checking --prefix=/usr --disable-nls --disable-xmltest --without-libnettle --without-libgmp --without-libgcrypt --without-libexpat --without-libcares --without-sqlite3 --without-gnutls --with-libz --with-openssl --with-libxml2 --with-xml-prefix=/opt/rt-n56u/trunk/stage --with-libiconv-prefix=/opt/rt-n56u/trunk/stage ZLIB_CFLAGS=-I/opt/rt-n56u/trunk/stage/include ZLIB_LIBS=-L/opt/rt-n56u/trunk/stage/lib -lz OPENSSL_CFLAGS=-I/opt/rt-n56u/trunk/stage/include OPENSSL_LIBS=-L/opt/rt-n56u/trunk/stage/lib -lssl -lcrypto --host=mipsel-linux --build=x86_64-pc-linux-gnu build_alias=x86_64-pc-linux-gnu host_alias=mipsel-linux CC=/opt/rt-n56u/toolchain-mipsel/toolchain-3.4.x/bin/mipsel-linux-uclibc-gcc -mips32r2 -march=mips32r2 CFLAGS=-Os -fomit-frame-pointer -pipe  -Dlinux -D__linux__ -Dunix -DEMBED -I/opt/rt-n56u/trunk/stage/include -Wall -Wno-trigraphs -Wno-strict-aliasing -Wno-format-security -Wno-unused-but-set-variable -fno-tree-slsr -Wno-pointer-sign -ffunction-sections -fdata-sections -ffunction-sections -fdata-sections LDFLAGS=-L/opt/rt-n56u/trunk/stage/lib -Wl,--gc-sections -Wl,--gc-sections CXX=/opt/rt-n56u/toolchain-mipsel/toolchain-3.4.x/bin/mipsel-linux-uclibc-g++ -mips32r2 -march=mips32r2 CXXFLAGS=-Os -fomit-frame-pointer -pipe  -Dlinux -D__linux__ -Dunix -DEMBED -I/opt/rt-n56u/trunk/stage/include -Wall -Wno-trigraphs -Wno-strict-aliasing -Wno-format-security -Wno-unused-but-set-variable -fno-tree-slsr  -ffunction-sections -fdata-sections -ffunction-sections -fdata-sections --cache-file=/dev/null --srcdir=.

## --------- ##
## Platform. ##
## --------- ##

hostname = ubuntu
uname -m = x86_64
uname -r = 4.4.0-21-generic
uname -s = Linux
uname -v = #37-Ubuntu SMP Mon Apr 18 18:33:37 UTC 2016

/usr/bin/uname -p = unknown
/bin/uname -X     = unknown

/bin/arch              = unknown
/usr/bin/arch -k       = unknown
/usr/convex/getsysinfo = unknown
/usr/bin/hostinfo      = unknown
/bin/machine           = unknown
/usr/bin/oslevel       = unknown
/bin/universe          = unknown

PATH: /usr/local/sbin
PATH: /usr/local/bin
PATH: /usr/sbin
PATH: /usr/bin
PATH: /sbin
PATH: /bin
PATH: /opt/rt-n56u/trunk/tools


## ----------- ##
## Core tests. ##
## ----------- ##

configure:2559: checking build system type
configure:2573: result: x86_64-pc-linux-gnu
configure:2593: checking host system type
configure:2606: result: mipsel-unknown-linux-gnu
configure:2647: checking how to print strings
configure:2674: result: printf
configure:2706: checking for mipsel-linux-gcc
configure:2733: result: /opt/rt-n56u/toolchain-mipsel/toolchain-3.4.x/bin/mipsel-linux-uclibc-gcc -mips32r2 -march=mips32r2
configure:3002: checking for C compiler version
configure:3011: /opt/rt-n56u/toolchain-mipsel/toolchain-3.4.x/bin/mipsel-linux-uclibc-gcc -mips32r2 -march=mips32r2 --version >&5
mipsel-linux-uclibc-gcc (GCC) 5.4.0
Copyright (C) 2015 Free Software Foundation, Inc.
This is free software; see the source for copying conditions.  There is NO
warranty; not even for MERCHANTABILITY or FITNESS FOR A PARTICULAR PURPOSE.

configure:3022: $? = 0
configure:3011: /opt/rt-n56u/toolchain-mipsel/toolchain-3.4.x/bin/mipsel-linux-uclibc-gcc -mips32r2 -march=mips32r2 -v >&5
Using built-in specs.
COLLECT_GCC=/opt/rt-n56u/toolchain-mipsel/toolchain-3.4.x/bin/mipsel-linux-uclibc-gcc
COLLECT_LTO_WRAPPER=/opt/rt-n56u/toolchain-mipsel/toolchain-3.4.x/libexec/gcc/mipsel-linux-uclibc/5.4.0/lto-wrapper
Target: mipsel-linux-uclibc
Configured with: ../gcc-5.4.0/configure --target=mipsel-linux-uclibc --prefix=/opt/rt-n56u/toolchain-mipsel/toolchain-3.4.x --with-gnu-ld --with-gnu-as --disable-shared --disable-multilib --enable-tls --enable-threads=posix --disable-libmudflap --disable-libssp --disable-sanity-checks --disable-werror --disable-lto --enable-ld=yes --enable-gold=no --disable-libgomp --disable-nls --with-sysroot=/opt/rt-n56u/toolchain-mipsel/toolchain-3.4.x --enable-languages=c++
Thread model: posix
gcc version 5.4.0 (GCC) 
configure:3022: $? = 0
configure:3011: /opt/rt-n56u/toolchain-mipsel/toolchain-3.4.x/bin/mipsel-linux-uclibc-gcc -mips32r2 -march=mips32r2 -V >&5
mipsel-linux-uclibc-gcc: error: unrecognized command line option '-V'
mipsel-linux-uclibc-gcc: fatal error: no input files
compilation terminated.
configure:3022: $? = 1
configure:3011: /opt/rt-n56u/toolchain-mipsel/toolchain-3.4.x/bin/mipsel-linux-uclibc-gcc -mips32r2 -march=mips32r2 -qversion >&5
mipsel-linux-uclibc-gcc: error: unrecognized command line option '-qversion'
mipsel-linux-uclibc-gcc: fatal error: no input files
compilation terminated.
configure:3022: $? = 1
configure:3042: checking whether the C compiler works
configure:3064: /opt/rt-n56u/toolchain-mipsel/toolchain-3.4.x/bin/mipsel-linux-uclibc-gcc -mips32r2 -march=mips32r2 -Os -fomit-frame-pointer -pipe  -Dlinux -D__linux__ -Dunix -DEMBED -I/opt/rt-n56u/trunk/stage/include -Wall -Wno-trigraphs -Wno-strict-aliasing -Wno-format-security -Wno-unused-but-set-variable -fno-tree-slsr -Wno-pointer-sign -ffunction-sections -fdata-sections -ffunction-sections -fdata-sections  -L/opt/rt-n56u/trunk/stage/lib -Wl,--gc-sections -Wl,--gc-sections conftest.c  >&5
configure:3068: $? = 0
configure:3116: result: yes
configure:3119: checking for C compiler default output file name
configure:3121: result: a.out
configure:3127: checking for suffix of executables
configure:3134: /opt/rt-n56u/toolchain-mipsel/toolchain-3.4.x/bin/mipsel-linux-uclibc-gcc -mips32r2 -march=mips32r2 -o conftest -Os -fomit-frame-pointer -pipe  -Dlinux -D__linux__ -Dunix -DEMBED -I/opt/rt-n56u/trunk/stage/include -Wall -Wno-trigraphs -Wno-strict-aliasing -Wno-format-security -Wno-unused-but-set-variable -fno-tree-slsr -Wno-pointer-sign -ffunction-sections -fdata-sections -ffunction-sections -fdata-sections  -L/opt/rt-n56u/trunk/stage/lib -Wl,--gc-sections -Wl,--gc-sections conftest.c  >&5
configure:3138: $? = 0
configure:3160: result: 
configure:3182: checking whether we are cross compiling
configure:3220: result: yes
configure:3225: checking for suffix of object files
configure:3247: /opt/rt-n56u/toolchain-mipsel/toolchain-3.4.x/bin/mipsel-linux-uclibc-gcc -mips32r2 -march=mips32r2 -c -Os -fomit-frame-pointer -pipe  -Dlinux -D__linux__ -Dunix -DEMBED -I/opt/rt-n56u/trunk/stage/include -Wall -Wno-trigraphs -Wno-strict-aliasing -Wno-format-security -Wno-unused-but-set-variable -fno-tree-slsr -Wno-pointer-sign -ffunction-sections -fdata-sections -ffunction-sections -fdata-sections  conftest.c >&5
configure:3251: $? = 0
configure:3272: result: o
configure:3276: checking whether we are using the GNU C compiler
configure:3295: /opt/rt-n56u/toolchain-mipsel/toolchain-3.4.x/bin/mipsel-linux-uclibc-gcc -mips32r2 -march=mips32r2 -c -Os -fomit-frame-pointer -pipe  -Dlinux -D__linux__ -Dunix -DEMBED -I/opt/rt-n56u/trunk/stage/include -Wall -Wno-trigraphs -Wno-strict-aliasing -Wno-format-security -Wno-unused-but-set-variable -fno-tree-slsr -Wno-pointer-sign -ffunction-sections -fdata-sections -ffunction-sections -fdata-sections  conftest.c >&5
configure:3295: $? = 0
configure:3304: result: yes
configure:3313: checking whether /opt/rt-n56u/toolchain-mipsel/toolchain-3.4.x/bin/mipsel-linux-uclibc-gcc -mips32r2 -march=mips32r2 accepts -g
configure:3333: /opt/rt-n56u/toolchain-mipsel/toolchain-3.4.x/bin/mipsel-linux-uclibc-gcc -mips32r2 -march=mips32r2 -c -g  conftest.c >&5
configure:3333: $? = 0
configure:3374: result: yes
configure:3391: checking for /opt/rt-n56u/toolchain-mipsel/toolchain-3.4.x/bin/mipsel-linux-uclibc-gcc -mips32r2 -march=mips32r2 option to accept ISO C89
configure:3454: /opt/rt-n56u/toolchain-mipsel/toolchain-3.4.x/bin/mipsel-linux-uclibc-gcc -mips32r2 -march=mips32r2  -c -Os -fomit-frame-pointer -pipe  -Dlinux -D__linux__ -Dunix -DEMBED -I/opt/rt-n56u/trunk/stage/include -Wall -Wno-trigraphs -Wno-strict-aliasing -Wno-format-security -Wno-unused-but-set-variable -fno-tree-slsr -Wno-pointer-sign -ffunction-sections -fdata-sections -ffunction-sections -fdata-sections  conftest.c >&5
configure:3454: $? = 0
configure:3467: result: none needed
configure:3492: checking whether /opt/rt-n56u/toolchain-mipsel/toolchain-3.4.x/bin/mipsel-linux-uclibc-gcc -mips32r2 -march=mips32r2 understands -c and -o together
configure:3514: /opt/rt-n56u/toolchain-mipsel/toolchain-3.4.x/bin/mipsel-linux-uclibc-gcc -mips32r2 -march=mips32r2 -c conftest.c -o conftest2.o
configure:3517: $? = 0
configure:3514: /opt/rt-n56u/toolchain-mipsel/toolchain-3.4.x/bin/mipsel-linux-uclibc-gcc -mips32r2 -march=mips32r2 -c conftest.c -o conftest2.o
configure:3517: $? = 0
configure:3529: result: yes
configure:3546: checking for a sed that does not truncate output
configure:3610: result: /bin/sed
configure:3628: checking for grep that handles long lines and -e
configure:3686: result: /bin/grep
configure:3691: checking for egrep
configure:3753: result: /bin/grep -E
configure:3758: checking for fgrep
configure:3820: result: /bin/grep -F
configure:3855: checking for ld used by /opt/rt-n56u/toolchain-mipsel/toolchain-3.4.x/bin/mipsel-linux-uclibc-gcc -mips32r2 -march=mips32r2
configure:3922: result: /opt/rt-n56u/toolchain-mipsel/toolchain-3.4.x/bin/mipsel-linux-uclibc-ld
configure:3929: checking if the linker (/opt/rt-n56u/toolchain-mipsel/toolchain-3.4.x/bin/mipsel-linux-uclibc-ld) is GNU ld
configure:3944: result: yes
configure:3956: checking for BSD- or MS-compatible name lister (nm)
configure:4010: result: /opt/rt-n56u/toolchain-mipsel/toolchain-3.4.x/bin/mipsel-linux-uclibc-nm
configure:4140: checking the name lister (/opt/rt-n56u/toolchain-mipsel/toolchain-3.4.x/bin/mipsel-linux-uclibc-nm) interface
configure:4147: /opt/rt-n56u/toolchain-mipsel/toolchain-3.4.x/bin/mipsel-linux-uclibc-gcc -mips32r2 -march=mips32r2 -c -Os -fomit-frame-pointer -pipe  -Dlinux -D__linux__ -Dunix -DEMBED -I/opt/rt-n56u/trunk/stage/include -Wall -Wno-trigraphs -Wno-strict-aliasing -Wno-format-security -Wno-unused-but-set-variable -fno-tree-slsr -Wno-pointer-sign -ffunction-sections -fdata-sections -ffunction-sections -fdata-sections  conftest.c >&5
configure:4150: /opt/rt-n56u/toolchain-mipsel/toolchain-3.4.x/bin/mipsel-linux-uclibc-nm "conftest.o"
configure:4153: output
00000000 B some_variable
configure:4160: result: BSD nm
configure:4163: checking whether ln -s works
configure:4167: result: yes
configure:4175: checking the maximum length of command line arguments
configure:4306: result: 1572864
configure:4354: checking how to convert x86_64-pc-linux-gnu file names to mipsel-unknown-linux-gnu format
configure:4394: result: func_convert_file_noop
configure:4401: checking how to convert x86_64-pc-linux-gnu file names to toolchain format
configure:4421: result: func_convert_file_noop
configure:4428: checking for /opt/rt-n56u/toolchain-mipsel/toolchain-3.4.x/bin/mipsel-linux-uclibc-ld option to reload object files
configure:4435: result: -r
configure:4469: checking for mipsel-linux-objdump
configure:4499: result: no
configure:4509: checking for objdump
configure:4525: found /usr/bin/objdump
configure:4536: result: objdump
configure:4548: WARNING: using cross tools not prefixed with host triplet
configure:4568: checking how to recognize dependent libraries
configure:4768: result: pass_all
configure:4813: checking for mipsel-linux-dlltool
configure:4843: result: no
configure:4853: checking for dlltool
configure:4883: result: no
configure:4913: checking how to associate runtime and link libraries
configure:4940: result: printf %s\n
configure:4957: checking for mipsel-linux-ar
configure:4984: result: /opt/rt-n56u/toolchain-mipsel/toolchain-3.4.x/bin/mipsel-linux-uclibc-ar
configure:5065: checking for archiver @FILE support
configure:5082: /opt/rt-n56u/toolchain-mipsel/toolchain-3.4.x/bin/mipsel-linux-uclibc-gcc -mips32r2 -march=mips32r2 -c -Os -fomit-frame-pointer -pipe  -Dlinux -D__linux__ -Dunix -DEMBED -I/opt/rt-n56u/trunk/stage/include -Wall -Wno-trigraphs -Wno-strict-aliasing -Wno-format-security -Wno-unused-but-set-variable -fno-tree-slsr -Wno-pointer-sign -ffunction-sections -fdata-sections -ffunction-sections -fdata-sections  conftest.c >&5
configure:5082: $? = 0
configure:5085: /opt/rt-n56u/toolchain-mipsel/toolchain-3.4.x/bin/mipsel-linux-uclibc-ar cru libconftest.a @conftest.lst >&5
configure:5088: $? = 0
configure:5093: /opt/rt-n56u/toolchain-mipsel/toolchain-3.4.x/bin/mipsel-linux-uclibc-ar cru libconftest.a @conftest.lst >&5
/opt/rt-n56u/toolchain-mipsel/toolchain-3.4.x/bin/mipsel-linux-uclibc-ar: conftest.o: No such file or directory
configure:5096: $? = 1
configure:5108: result: @
configure:5126: checking for mipsel-linux-strip
configure:5153: result: /opt/rt-n56u/toolchain-mipsel/toolchain-3.4.x/bin/mipsel-linux-uclibc-strip
configure:5225: checking for mipsel-linux-ranlib
configure:5252: result: /opt/rt-n56u/toolchain-mipsel/toolchain-3.4.x/bin/mipsel-linux-uclibc-ranlib
configure:5369: checking for gawk
configure:5385: found /usr/bin/gawk
configure:5396: result: gawk
configure:5436: checking command to parse /opt/rt-n56u/toolchain-mipsel/toolchain-3.4.x/bin/mipsel-linux-uclibc-nm output from /opt/rt-n56u/toolchain-mipsel/toolchain-3.4.x/bin/mipsel-linux-uclibc-gcc -mips32r2 -march=mips32r2 object
configure:5589: /opt/rt-n56u/toolchain-mipsel/toolchain-3.4.x/bin/mipsel-linux-uclibc-gcc -mips32r2 -march=mips32r2 -c -Os -fomit-frame-pointer -pipe  -Dlinux -D__linux__ -Dunix -DEMBED -I/opt/rt-n56u/trunk/stage/include -Wall -Wno-trigraphs -Wno-strict-aliasing -Wno-format-security -Wno-unused-but-set-variable -fno-tree-slsr -Wno-pointer-sign -ffunction-sections -fdata-sections -ffunction-sections -fdata-sections  conftest.c >&5
configure:5592: $? = 0
configure:5596: /opt/rt-n56u/toolchain-mipsel/toolchain-3.4.x/bin/mipsel-linux-uclibc-nm conftest.o \| sed -n -e 's/^.*[ ]\([ABCDGIRSTW][ABCDGIRSTW]*\)[ ][ ]*\([_A-Za-z][_A-Za-z0-9]*\)$/\1 \2 \2/p' | sed '/ __gnu_lto/d' \> conftest.nm
configure:5599: $? = 0
configure:5665: /opt/rt-n56u/toolchain-mipsel/toolchain-3.4.x/bin/mipsel-linux-uclibc-gcc -mips32r2 -march=mips32r2 -o conftest -Os -fomit-frame-pointer -pipe  -Dlinux -D__linux__ -Dunix -DEMBED -I/opt/rt-n56u/trunk/stage/include -Wall -Wno-trigraphs -Wno-strict-aliasing -Wno-format-security -Wno-unused-but-set-variable -fno-tree-slsr -Wno-pointer-sign -ffunction-sections -fdata-sections -ffunction-sections -fdata-sections  -L/opt/rt-n56u/trunk/stage/lib -Wl,--gc-sections -Wl,--gc-sections conftest.c conftstm.o >&5
configure:5668: $? = 0
configure:5706: result: ok
configure:5753: checking for sysroot
configure:5783: result: no
configure:5790: checking for a working dd
configure:5828: result: /bin/dd
configure:5832: checking how to truncate binary pipes
configure:5847: result: /bin/dd bs=4096 count=1
configure:6136: checking for mipsel-linux-mt
configure:6166: result: no
configure:6176: checking for mt
configure:6192: found /bin/mt
configure:6203: result: mt
configure:6226: checking if mt is a manifest tool
configure:6232: mt '-?'
configure:6240: result: no
configure:6917: checking how to run the C preprocessor
configure:6948: /opt/rt-n56u/toolchain-mipsel/toolchain-3.4.x/bin/mipsel-linux-uclibc-gcc -mips32r2 -march=mips32r2 -E  conftest.c
configure:6948: $? = 0
configure:6962: /opt/rt-n56u/toolchain-mipsel/toolchain-3.4.x/bin/mipsel-linux-uclibc-gcc -mips32r2 -march=mips32r2 -E  conftest.c
conftest.c:9:28: fatal error: ac_nonexistent.h: No such file or directory
compilation terminated.
configure:6962: $? = 1
configure: failed program was:
| /* confdefs.h */
| #define PACKAGE_NAME "wslay"
| #define PACKAGE_TARNAME "wslay"
| #define PACKAGE_VERSION "1.0.1-DEV"
| #define PACKAGE_STRING "wslay 1.0.1-DEV"
| #define PACKAGE_BUGREPORT "t-tujikawa@users.sourceforge.net"
| #define PACKAGE_URL ""
| /* end confdefs.h.  */
| #include <ac_nonexistent.h>
configure:6987: result: /opt/rt-n56u/toolchain-mipsel/toolchain-3.4.x/bin/mipsel-linux-uclibc-gcc -mips32r2 -march=mips32r2 -E
configure:7007: /opt/rt-n56u/toolchain-mipsel/toolchain-3.4.x/bin/mipsel-linux-uclibc-gcc -mips32r2 -march=mips32r2 -E  conftest.c
configure:7007: $? = 0
configure:7021: /opt/rt-n56u/toolchain-mipsel/toolchain-3.4.x/bin/mipsel-linux-uclibc-gcc -mips32r2 -march=mips32r2 -E  conftest.c
conftest.c:9:28: fatal error: ac_nonexistent.h: No such file or directory
compilation terminated.
configure:7021: $? = 1
configure: failed program was:
| /* confdefs.h */
| #define PACKAGE_NAME "wslay"
| #define PACKAGE_TARNAME "wslay"
| #define PACKAGE_VERSION "1.0.1-DEV"
| #define PACKAGE_STRING "wslay 1.0.1-DEV"
| #define PACKAGE_BUGREPORT "t-tujikawa@users.sourceforge.net"
| #define PACKAGE_URL ""
| /* end confdefs.h.  */
| #include <ac_nonexistent.h>
configure:7050: checking for ANSI C header files
configure:7070: /opt/rt-n56u/toolchain-mipsel/toolchain-3.4.x/bin/mipsel-linux-uclibc-gcc -mips32r2 -march=mips32r2 -c -Os -fomit-frame-pointer -pipe  -Dlinux -D__linux__ -Dunix -DEMBED -I/opt/rt-n56u/trunk/stage/include -Wall -Wno-trigraphs -Wno-strict-aliasing -Wno-format-security -Wno-unused-but-set-variable -fno-tree-slsr -Wno-pointer-sign -ffunction-sections -fdata-sections -ffunction-sections -fdata-sections  conftest.c >&5
configure:7070: $? = 0
configure:7154: result: yes
configure:7167: checking for sys/types.h
configure:7167: /opt/rt-n56u/toolchain-mipsel/toolchain-3.4.x/bin/mipsel-linux-uclibc-gcc -mips32r2 -march=mips32r2 -c -Os -fomit-frame-pointer -pipe  -Dlinux -D__linux__ -Dunix -DEMBED -I/opt/rt-n56u/trunk/stage/include -Wall -Wno-trigraphs -Wno-strict-aliasing -Wno-format-security -Wno-unused-but-set-variable -fno-tree-slsr -Wno-pointer-sign -ffunction-sections -fdata-sections -ffunction-sections -fdata-sections  conftest.c >&5
configure:7167: $? = 0
configure:7167: result: yes
configure:7167: checking for sys/stat.h
configure:7167: /opt/rt-n56u/toolchain-mipsel/toolchain-3.4.x/bin/mipsel-linux-uclibc-gcc -mips32r2 -march=mips32r2 -c -Os -fomit-frame-pointer -pipe  -Dlinux -D__linux__ -Dunix -DEMBED -I/opt/rt-n56u/trunk/stage/include -Wall -Wno-trigraphs -Wno-strict-aliasing -Wno-format-security -Wno-unused-but-set-variable -fno-tree-slsr -Wno-pointer-sign -ffunction-sections -fdata-sections -ffunction-sections -fdata-sections  conftest.c >&5
configure:7167: $? = 0
configure:7167: result: yes
configure:7167: checking for stdlib.h
configure:7167: /opt/rt-n56u/toolchain-mipsel/toolchain-3.4.x/bin/mipsel-linux-uclibc-gcc -mips32r2 -march=mips32r2 -c -Os -fomit-frame-pointer -pipe  -Dlinux -D__linux__ -Dunix -DEMBED -I/opt/rt-n56u/trunk/stage/include -Wall -Wno-trigraphs -Wno-strict-aliasing -Wno-format-security -Wno-unused-but-set-variable -fno-tree-slsr -Wno-pointer-sign -ffunction-sections -fdata-sections -ffunction-sections -fdata-sections  conftest.c >&5
configure:7167: $? = 0
configure:7167: result: yes
configure:7167: checking for string.h
configure:7167: /opt/rt-n56u/toolchain-mipsel/toolchain-3.4.x/bin/mipsel-linux-uclibc-gcc -mips32r2 -march=mips32r2 -c -Os -fomit-frame-pointer -pipe  -Dlinux -D__linux__ -Dunix -DEMBED -I/opt/rt-n56u/trunk/stage/include -Wall -Wno-trigraphs -Wno-strict-aliasing -Wno-format-security -Wno-unused-but-set-variable -fno-tree-slsr -Wno-pointer-sign -ffunction-sections -fdata-sections -ffunction-sections -fdata-sections  conftest.c >&5
configure:7167: $? = 0
configure:7167: result: yes
configure:7167: checking for memory.h
configure:7167: /opt/rt-n56u/toolchain-mipsel/toolchain-3.4.x/bin/mipsel-linux-uclibc-gcc -mips32r2 -march=mips32r2 -c -Os -fomit-frame-pointer -pipe  -Dlinux -D__linux__ -Dunix -DEMBED -I/opt/rt-n56u/trunk/stage/include -Wall -Wno-trigraphs -Wno-strict-aliasing -Wno-format-security -Wno-unused-but-set-variable -fno-tree-slsr -Wno-pointer-sign -ffunction-sections -fdata-sections -ffunction-sections -fdata-sections  conftest.c >&5
configure:7167: $? = 0
configure:7167: result: yes
configure:7167: checking for strings.h
configure:7167: /opt/rt-n56u/toolchain-mipsel/toolchain-3.4.x/bin/mipsel-linux-uclibc-gcc -mips32r2 -march=mips32r2 -c -Os -fomit-frame-pointer -pipe  -Dlinux -D__linux__ -Dunix -DEMBED -I/opt/rt-n56u/trunk/stage/include -Wall -Wno-trigraphs -Wno-strict-aliasing -Wno-format-security -Wno-unused-but-set-variable -fno-tree-slsr -Wno-pointer-sign -ffunction-sections -fdata-sections -ffunction-sections -fdata-sections  conftest.c >&5
configure:7167: $? = 0
configure:7167: result: yes
configure:7167: checking for inttypes.h
configure:7167: /opt/rt-n56u/toolchain-mipsel/toolchain-3.4.x/bin/mipsel-linux-uclibc-gcc -mips32r2 -march=mips32r2 -c -Os -fomit-frame-pointer -pipe  -Dlinux -D__linux__ -Dunix -DEMBED -I/opt/rt-n56u/trunk/stage/include -Wall -Wno-trigraphs -Wno-strict-aliasing -Wno-format-security -Wno-unused-but-set-variable -fno-tree-slsr -Wno-pointer-sign -ffunction-sections -fdata-sections -ffunction-sections -fdata-sections  conftest.c >&5
configure:7167: $? = 0
configure:7167: result: yes
configure:7167: checking for stdint.h
configure:7167: /opt/rt-n56u/toolchain-mipsel/toolchain-3.4.x/bin/mipsel-linux-uclibc-gcc -mips32r2 -march=mips32r2 -c -Os -fomit-frame-pointer -pipe  -Dlinux -D__linux__ -Dunix -DEMBED -I/opt/rt-n56u/trunk/stage/include -Wall -Wno-trigraphs -Wno-strict-aliasing -Wno-format-security -Wno-unused-but-set-variable -fno-tree-slsr -Wno-pointer-sign -ffunction-sections -fdata-sections -ffunction-sections -fdata-sections  conftest.c >&5
configure:7167: $? = 0
configure:7167: result: yes
configure:7167: checking for unistd.h
configure:7167: /opt/rt-n56u/toolchain-mipsel/toolchain-3.4.x/bin/mipsel-linux-uclibc-gcc -mips32r2 -march=mips32r2 -c -Os -fomit-frame-pointer -pipe  -Dlinux -D__linux__ -Dunix -DEMBED -I/opt/rt-n56u/trunk/stage/include -Wall -Wno-trigraphs -Wno-strict-aliasing -Wno-format-security -Wno-unused-but-set-variable -fno-tree-slsr -Wno-pointer-sign -ffunction-sections -fdata-sections -ffunction-sections -fdata-sections  conftest.c >&5
configure:7167: $? = 0
configure:7167: result: yes
configure:7181: checking for dlfcn.h
configure:7181: /opt/rt-n56u/toolchain-mipsel/toolchain-3.4.x/bin/mipsel-linux-uclibc-gcc -mips32r2 -march=mips32r2 -c -Os -fomit-frame-pointer -pipe  -Dlinux -D__linux__ -Dunix -DEMBED -I/opt/rt-n56u/trunk/stage/include -Wall -Wno-trigraphs -Wno-strict-aliasing -Wno-format-security -Wno-unused-but-set-variable -fno-tree-slsr -Wno-pointer-sign -ffunction-sections -fdata-sections -ffunction-sections -fdata-sections  conftest.c >&5
configure:7181: $? = 0
configure:7181: result: yes
configure:7437: checking for objdir
configure:7452: result: .libs
configure:7716: checking if /opt/rt-n56u/toolchain-mipsel/toolchain-3.4.x/bin/mipsel-linux-uclibc-gcc -mips32r2 -march=mips32r2 supports -fno-rtti -fno-exceptions
configure:7734: /opt/rt-n56u/toolchain-mipsel/toolchain-3.4.x/bin/mipsel-linux-uclibc-gcc -mips32r2 -march=mips32r2 -c -Os -fomit-frame-pointer -pipe  -Dlinux -D__linux__ -Dunix -DEMBED -I/opt/rt-n56u/trunk/stage/include -Wall -Wno-trigraphs -Wno-strict-aliasing -Wno-format-security -Wno-unused-but-set-variable -fno-tree-slsr -Wno-pointer-sign -ffunction-sections -fdata-sections -ffunction-sections -fdata-sections  -fno-rtti -fno-exceptions conftest.c >&5
cc1: warning: command line option '-fno-rtti' is valid for C++/ObjC++ but not for C
configure:7738: $? = 0
configure:7751: result: no
configure:8109: checking for /opt/rt-n56u/toolchain-mipsel/toolchain-3.4.x/bin/mipsel-linux-uclibc-gcc -mips32r2 -march=mips32r2 option to produce PIC
configure:8116: result: -fPIC -DPIC
configure:8124: checking if /opt/rt-n56u/toolchain-mipsel/toolchain-3.4.x/bin/mipsel-linux-uclibc-gcc -mips32r2 -march=mips32r2 PIC flag -fPIC -DPIC works
configure:8142: /opt/rt-n56u/toolchain-mipsel/toolchain-3.4.x/bin/mipsel-linux-uclibc-gcc -mips32r2 -march=mips32r2 -c -Os -fomit-frame-pointer -pipe  -Dlinux -D__linux__ -Dunix -DEMBED -I/opt/rt-n56u/trunk/stage/include -Wall -Wno-trigraphs -Wno-strict-aliasing -Wno-format-security -Wno-unused-but-set-variable -fno-tree-slsr -Wno-pointer-sign -ffunction-sections -fdata-sections -ffunction-sections -fdata-sections  -fPIC -DPIC -DPIC conftest.c >&5
configure:8146: $? = 0
configure:8159: result: yes
configure:8188: checking if /opt/rt-n56u/toolchain-mipsel/toolchain-3.4.x/bin/mipsel-linux-uclibc-gcc -mips32r2 -march=mips32r2 static flag -static works
configure:8216: result: yes
configure:8231: checking if /opt/rt-n56u/toolchain-mipsel/toolchain-3.4.x/bin/mipsel-linux-uclibc-gcc -mips32r2 -march=mips32r2 supports -c -o file.o
configure:8252: /opt/rt-n56u/toolchain-mipsel/toolchain-3.4.x/bin/mipsel-linux-uclibc-gcc -mips32r2 -march=mips32r2 -c -Os -fomit-frame-pointer -pipe  -Dlinux -D__linux__ -Dunix -DEMBED -I/opt/rt-n56u/trunk/stage/include -Wall -Wno-trigraphs -Wno-strict-aliasing -Wno-format-security -Wno-unused-but-set-variable -fno-tree-slsr -Wno-pointer-sign -ffunction-sections -fdata-sections -ffunction-sections -fdata-sections  -o out/conftest2.o conftest.c >&5
configure:8256: $? = 0
configure:8278: result: yes
configure:8286: checking if /opt/rt-n56u/toolchain-mipsel/toolchain-3.4.x/bin/mipsel-linux-uclibc-gcc -mips32r2 -march=mips32r2 supports -c -o file.o
configure:8333: result: yes
configure:8366: checking whether the /opt/rt-n56u/toolchain-mipsel/toolchain-3.4.x/bin/mipsel-linux-uclibc-gcc -mips32r2 -march=mips32r2 linker (/opt/rt-n56u/toolchain-mipsel/toolchain-3.4.x/bin/mipsel-linux-uclibc-ld) supports shared libraries
configure:9629: result: yes
configure:9666: checking whether -lc should be explicitly linked in
configure:9674: /opt/rt-n56u/toolchain-mipsel/toolchain-3.4.x/bin/mipsel-linux-uclibc-gcc -mips32r2 -march=mips32r2 -c -Os -fomit-frame-pointer -pipe  -Dlinux -D__linux__ -Dunix -DEMBED -I/opt/rt-n56u/trunk/stage/include -Wall -Wno-trigraphs -Wno-strict-aliasing -Wno-format-security -Wno-unused-but-set-variable -fno-tree-slsr -Wno-pointer-sign -ffunction-sections -fdata-sections -ffunction-sections -fdata-sections  conftest.c >&5
configure:9677: $? = 0
configure:9692: /opt/rt-n56u/toolchain-mipsel/toolchain-3.4.x/bin/mipsel-linux-uclibc-gcc -mips32r2 -march=mips32r2 -shared  -fPIC -DPIC conftest.o  -v -Wl,-soname -Wl,conftest -o conftest 2\>\&1 \| /bin/grep  -lc  \>/dev/null 2\>\&1
configure:9695: $? = 0
configure:9709: result: no
configure:9869: checking dynamic linker characteristics
configure:10450: /opt/rt-n56u/toolchain-mipsel/toolchain-3.4.x/bin/mipsel-linux-uclibc-gcc -mips32r2 -march=mips32r2 -o conftest -Os -fomit-frame-pointer -pipe  -Dlinux -D__linux__ -Dunix -DEMBED -I/opt/rt-n56u/trunk/stage/include -Wall -Wno-trigraphs -Wno-strict-aliasing -Wno-format-security -Wno-unused-but-set-variable -fno-tree-slsr -Wno-pointer-sign -ffunction-sections -fdata-sections -ffunction-sections -fdata-sections  -L/opt/rt-n56u/trunk/stage/lib -Wl,--gc-sections -Wl,--gc-sections -Wl,-rpath -Wl,/foo conftest.c  >&5
configure:10450: $? = 0
configure:10699: result: GNU/Linux ld.so
configure:10821: checking how to hardcode library paths into programs
configure:10846: result: immediate
configure:11394: checking whether stripping libraries is possible
configure:11399: result: yes
configure:11434: checking if libtool supports shared libraries
configure:11436: result: yes
configure:11439: checking whether to build shared libraries
configure:11464: result: yes
configure:11467: checking whether to build static libraries
configure:11471: result: yes
configure:11546: checking target system type
configure:11559: result: mipsel-unknown-linux-gnu
configure:11604: checking for a BSD-compatible install
configure:11672: result: /usr/bin/install -c
configure:11683: checking whether build environment is sane
configure:11738: result: yes
configure:11794: checking for mipsel-linux-strip
configure:11821: result: /opt/rt-n56u/toolchain-mipsel/toolchain-3.4.x/bin/mipsel-linux-uclibc-strip
configure:11886: checking for a thread-safe mkdir -p
configure:11925: result: /bin/mkdir -p
configure:11928: checking whether make sets $(MAKE)
configure:11950: result: yes
configure:11980: checking for style of include used by make
configure:12008: result: GNU
configure:12042: checking whether make supports nested variables
configure:12059: result: yes
configure:12144: checking dependency style of /opt/rt-n56u/toolchain-mipsel/toolchain-3.4.x/bin/mipsel-linux-uclibc-gcc -mips32r2 -march=mips32r2
configure:12255: result: gcc3
configure:12324: checking for mipsel-linux-gcc
configure:12351: result: /opt/rt-n56u/toolchain-mipsel/toolchain-3.4.x/bin/mipsel-linux-uclibc-gcc -mips32r2 -march=mips32r2
configure:12620: checking for C compiler version
configure:12629: /opt/rt-n56u/toolchain-mipsel/toolchain-3.4.x/bin/mipsel-linux-uclibc-gcc -mips32r2 -march=mips32r2 --version >&5
mipsel-linux-uclibc-gcc (GCC) 5.4.0
Copyright (C) 2015 Free Software Foundation, Inc.
This is free software; see the source for copying conditions.  There is NO
warranty; not even for MERCHANTABILITY or FITNESS FOR A PARTICULAR PURPOSE.

configure:12640: $? = 0
configure:12629: /opt/rt-n56u/toolchain-mipsel/toolchain-3.4.x/bin/mipsel-linux-uclibc-gcc -mips32r2 -march=mips32r2 -v >&5
Using built-in specs.
COLLECT_GCC=/opt/rt-n56u/toolchain-mipsel/toolchain-3.4.x/bin/mipsel-linux-uclibc-gcc
COLLECT_LTO_WRAPPER=/opt/rt-n56u/toolchain-mipsel/toolchain-3.4.x/libexec/gcc/mipsel-linux-uclibc/5.4.0/lto-wrapper
Target: mipsel-linux-uclibc
Configured with: ../gcc-5.4.0/configure --target=mipsel-linux-uclibc --prefix=/opt/rt-n56u/toolchain-mipsel/toolchain-3.4.x --with-gnu-ld --with-gnu-as --disable-shared --disable-multilib --enable-tls --enable-threads=posix --disable-libmudflap --disable-libssp --disable-sanity-checks --disable-werror --disable-lto --enable-ld=yes --enable-gold=no --disable-libgomp --disable-nls --with-sysroot=/opt/rt-n56u/toolchain-mipsel/toolchain-3.4.x --enable-languages=c++
Thread model: posix
gcc version 5.4.0 (GCC) 
configure:12640: $? = 0
configure:12629: /opt/rt-n56u/toolchain-mipsel/toolchain-3.4.x/bin/mipsel-linux-uclibc-gcc -mips32r2 -march=mips32r2 -V >&5
mipsel-linux-uclibc-gcc: error: unrecognized command line option '-V'
mipsel-linux-uclibc-gcc: fatal error: no input files
compilation terminated.
configure:12640: $? = 1
configure:12629: /opt/rt-n56u/toolchain-mipsel/toolchain-3.4.x/bin/mipsel-linux-uclibc-gcc -mips32r2 -march=mips32r2 -qversion >&5
mipsel-linux-uclibc-gcc: error: unrecognized command line option '-qversion'
mipsel-linux-uclibc-gcc: fatal error: no input files
compilation terminated.
configure:12640: $? = 1
configure:12644: checking whether we are using the GNU C compiler
configure:12672: result: yes
configure:12681: checking whether /opt/rt-n56u/toolchain-mipsel/toolchain-3.4.x/bin/mipsel-linux-uclibc-gcc -mips32r2 -march=mips32r2 accepts -g
configure:12742: result: yes
configure:12759: checking for /opt/rt-n56u/toolchain-mipsel/toolchain-3.4.x/bin/mipsel-linux-uclibc-gcc -mips32r2 -march=mips32r2 option to accept ISO C89
configure:12835: result: none needed
configure:12860: checking whether /opt/rt-n56u/toolchain-mipsel/toolchain-3.4.x/bin/mipsel-linux-uclibc-gcc -mips32r2 -march=mips32r2 understands -c and -o together
configure:12897: result: yes
configure:13026: checking for C++ compiler version
configure:13035: /opt/rt-n56u/toolchain-mipsel/toolchain-3.4.x/bin/mipsel-linux-uclibc-g++ -mips32r2 -march=mips32r2 --version >&5
mipsel-linux-uclibc-g++ (GCC) 5.4.0
Copyright (C) 2015 Free Software Foundation, Inc.
This is free software; see the source for copying conditions.  There is NO
warranty; not even for MERCHANTABILITY or FITNESS FOR A PARTICULAR PURPOSE.

configure:13046: $? = 0
configure:13035: /opt/rt-n56u/toolchain-mipsel/toolchain-3.4.x/bin/mipsel-linux-uclibc-g++ -mips32r2 -march=mips32r2 -v >&5
Using built-in specs.
COLLECT_GCC=/opt/rt-n56u/toolchain-mipsel/toolchain-3.4.x/bin/mipsel-linux-uclibc-g++
COLLECT_LTO_WRAPPER=/opt/rt-n56u/toolchain-mipsel/toolchain-3.4.x/libexec/gcc/mipsel-linux-uclibc/5.4.0/lto-wrapper
Target: mipsel-linux-uclibc
Configured with: ../gcc-5.4.0/configure --target=mipsel-linux-uclibc --prefix=/opt/rt-n56u/toolchain-mipsel/toolchain-3.4.x --with-gnu-ld --with-gnu-as --disable-shared --disable-multilib --enable-tls --enable-threads=posix --disable-libmudflap --disable-libssp --disable-sanity-checks --disable-werror --disable-lto --enable-ld=yes --enable-gold=no --disable-libgomp --disable-nls --with-sysroot=/opt/rt-n56u/toolchain-mipsel/toolchain-3.4.x --enable-languages=c++
Thread model: posix
gcc version 5.4.0 (GCC) 
configure:13046: $? = 0
configure:13035: /opt/rt-n56u/toolchain-mipsel/toolchain-3.4.x/bin/mipsel-linux-uclibc-g++ -mips32r2 -march=mips32r2 -V >&5
mipsel-linux-uclibc-g++: error: unrecognized command line option '-V'
mipsel-linux-uclibc-g++: fatal error: no input files
compilation terminated.
configure:13046: $? = 1
configure:13035: /opt/rt-n56u/toolchain-mipsel/toolchain-3.4.x/bin/mipsel-linux-uclibc-g++ -mips32r2 -march=mips32r2 -qversion >&5
mipsel-linux-uclibc-g++: error: unrecognized command line option '-qversion'
mipsel-linux-uclibc-g++: fatal error: no input files
compilation terminated.
configure:13046: $? = 1
configure:13050: checking whether we are using the GNU C++ compiler
configure:13069: /opt/rt-n56u/toolchain-mipsel/toolchain-3.4.x/bin/mipsel-linux-uclibc-g++ -mips32r2 -march=mips32r2 -c -Os -fomit-frame-pointer -pipe  -Dlinux -D__linux__ -Dunix -DEMBED -I/opt/rt-n56u/trunk/stage/include -Wall -Wno-trigraphs -Wno-strict-aliasing -Wno-format-security -Wno-unused-but-set-variable -fno-tree-slsr  -ffunction-sections -fdata-sections -ffunction-sections -fdata-sections  conftest.cpp >&5
configure:13069: $? = 0
configure:13078: result: yes
configure:13087: checking whether /opt/rt-n56u/toolchain-mipsel/toolchain-3.4.x/bin/mipsel-linux-uclibc-g++ -mips32r2 -march=mips32r2 accepts -g
configure:13107: /opt/rt-n56u/toolchain-mipsel/toolchain-3.4.x/bin/mipsel-linux-uclibc-g++ -mips32r2 -march=mips32r2 -c -g  conftest.cpp >&5
configure:13107: $? = 0
configure:13148: result: yes
configure:13189: checking how to run the C++ preprocessor
configure:13216: /opt/rt-n56u/toolchain-mipsel/toolchain-3.4.x/bin/mipsel-linux-uclibc-g++ -mips32r2 -march=mips32r2 -E  conftest.cpp
configure:13216: $? = 0
configure:13230: /opt/rt-n56u/toolchain-mipsel/toolchain-3.4.x/bin/mipsel-linux-uclibc-g++ -mips32r2 -march=mips32r2 -E  conftest.cpp
conftest.cpp:23:28: fatal error: ac_nonexistent.h: No such file or directory
compilation terminated.
configure:13230: $? = 1
configure: failed program was:
| /* confdefs.h */
| #define PACKAGE_NAME "wslay"
| #define PACKAGE_TARNAME "wslay"
| #define PACKAGE_VERSION "1.0.1-DEV"
| #define PACKAGE_STRING "wslay 1.0.1-DEV"
| #define PACKAGE_BUGREPORT "t-tujikawa@users.sourceforge.net"
| #define PACKAGE_URL ""
| #define STDC_HEADERS 1
| #define HAVE_SYS_TYPES_H 1
| #define HAVE_SYS_STAT_H 1
| #define HAVE_STDLIB_H 1
| #define HAVE_STRING_H 1
| #define HAVE_MEMORY_H 1
| #define HAVE_STRINGS_H 1
| #define HAVE_INTTYPES_H 1
| #define HAVE_STDINT_H 1
| #define HAVE_UNISTD_H 1
| #define HAVE_DLFCN_H 1
| #define LT_OBJDIR ".libs/"
| #define PACKAGE "wslay"
| #define VERSION "1.0.1-DEV"
| /* end confdefs.h.  */
| #include <ac_nonexistent.h>
configure:13255: result: /opt/rt-n56u/toolchain-mipsel/toolchain-3.4.x/bin/mipsel-linux-uclibc-g++ -mips32r2 -march=mips32r2 -E
configure:13275: /opt/rt-n56u/toolchain-mipsel/toolchain-3.4.x/bin/mipsel-linux-uclibc-g++ -mips32r2 -march=mips32r2 -E  conftest.cpp
configure:13275: $? = 0
configure:13289: /opt/rt-n56u/toolchain-mipsel/toolchain-3.4.x/bin/mipsel-linux-uclibc-g++ -mips32r2 -march=mips32r2 -E  conftest.cpp
conftest.cpp:23:28: fatal error: ac_nonexistent.h: No such file or directory
compilation terminated.
configure:13289: $? = 1
configure: failed program was:
| /* confdefs.h */
| #define PACKAGE_NAME "wslay"
| #define PACKAGE_TARNAME "wslay"
| #define PACKAGE_VERSION "1.0.1-DEV"
| #define PACKAGE_STRING "wslay 1.0.1-DEV"
| #define PACKAGE_BUGREPORT "t-tujikawa@users.sourceforge.net"
| #define PACKAGE_URL ""
| #define STDC_HEADERS 1
| #define HAVE_SYS_TYPES_H 1
| #define HAVE_SYS_STAT_H 1
| #define HAVE_STDLIB_H 1
| #define HAVE_STRING_H 1
| #define HAVE_MEMORY_H 1
| #define HAVE_STRINGS_H 1
| #define HAVE_INTTYPES_H 1
| #define HAVE_STDINT_H 1
| #define HAVE_UNISTD_H 1
| #define HAVE_DLFCN_H 1
| #define LT_OBJDIR ".libs/"
| #define PACKAGE "wslay"
| #define VERSION "1.0.1-DEV"
| /* end confdefs.h.  */
| #include <ac_nonexistent.h>
configure:13451: checking for ld used by /opt/rt-n56u/toolchain-mipsel/toolchain-3.4.x/bin/mipsel-linux-uclibc-g++ -mips32r2 -march=mips32r2
configure:13518: result: /opt/rt-n56u/toolchain-mipsel/toolchain-3.4.x/bin/mipsel-linux-uclibc-ld
configure:13525: checking if the linker (/opt/rt-n56u/toolchain-mipsel/toolchain-3.4.x/bin/mipsel-linux-uclibc-ld) is GNU ld
configure:13540: result: yes
configure:13595: checking whether the /opt/rt-n56u/toolchain-mipsel/toolchain-3.4.x/bin/mipsel-linux-uclibc-g++ -mips32r2 -march=mips32r2 linker (/opt/rt-n56u/toolchain-mipsel/toolchain-3.4.x/bin/mipsel-linux-uclibc-ld) supports shared libraries
configure:14668: result: yes
configure:14704: /opt/rt-n56u/toolchain-mipsel/toolchain-3.4.x/bin/mipsel-linux-uclibc-g++ -mips32r2 -march=mips32r2 -c -Os -fomit-frame-pointer -pipe  -Dlinux -D__linux__ -Dunix -DEMBED -I/opt/rt-n56u/trunk/stage/include -Wall -Wno-trigraphs -Wno-strict-aliasing -Wno-format-security -Wno-unused-but-set-variable -fno-tree-slsr  -ffunction-sections -fdata-sections -ffunction-sections -fdata-sections  conftest.cpp >&5
configure:14707: $? = 0
configure:15188: checking for /opt/rt-n56u/toolchain-mipsel/toolchain-3.4.x/bin/mipsel-linux-uclibc-g++ -mips32r2 -march=mips32r2 option to produce PIC
configure:15195: result: -fPIC -DPIC
configure:15203: checking if /opt/rt-n56u/toolchain-mipsel/toolchain-3.4.x/bin/mipsel-linux-uclibc-g++ -mips32r2 -march=mips32r2 PIC flag -fPIC -DPIC works
configure:15221: /opt/rt-n56u/toolchain-mipsel/toolchain-3.4.x/bin/mipsel-linux-uclibc-g++ -mips32r2 -march=mips32r2 -c -Os -fomit-frame-pointer -pipe  -Dlinux -D__linux__ -Dunix -DEMBED -I/opt/rt-n56u/trunk/stage/include -Wall -Wno-trigraphs -Wno-strict-aliasing -Wno-format-security -Wno-unused-but-set-variable -fno-tree-slsr  -ffunction-sections -fdata-sections -ffunction-sections -fdata-sections  -fPIC -DPIC -DPIC conftest.cpp >&5
configure:15225: $? = 0
configure:15238: result: yes
configure:15261: checking if /opt/rt-n56u/toolchain-mipsel/toolchain-3.4.x/bin/mipsel-linux-uclibc-g++ -mips32r2 -march=mips32r2 static flag -static works
configure:15289: result: yes
configure:15301: checking if /opt/rt-n56u/toolchain-mipsel/toolchain-3.4.x/bin/mipsel-linux-uclibc-g++ -mips32r2 -march=mips32r2 supports -c -o file.o
configure:15322: /opt/rt-n56u/toolchain-mipsel/toolchain-3.4.x/bin/mipsel-linux-uclibc-g++ -mips32r2 -march=mips32r2 -c -Os -fomit-frame-pointer -pipe  -Dlinux -D__linux__ -Dunix -DEMBED -I/opt/rt-n56u/trunk/stage/include -Wall -Wno-trigraphs -Wno-strict-aliasing -Wno-format-security -Wno-unused-but-set-variable -fno-tree-slsr  -ffunction-sections -fdata-sections -ffunction-sections -fdata-sections  -o out/conftest2.o conftest.cpp >&5
configure:15326: $? = 0
configure:15348: result: yes
configure:15353: checking if /opt/rt-n56u/toolchain-mipsel/toolchain-3.4.x/bin/mipsel-linux-uclibc-g++ -mips32r2 -march=mips32r2 supports -c -o file.o
configure:15400: result: yes
configure:15430: checking whether the /opt/rt-n56u/toolchain-mipsel/toolchain-3.4.x/bin/mipsel-linux-uclibc-g++ -mips32r2 -march=mips32r2 linker (/opt/rt-n56u/toolchain-mipsel/toolchain-3.4.x/bin/mipsel-linux-uclibc-ld) supports shared libraries
configure:15473: result: yes
configure:15614: checking dynamic linker characteristics
configure:16371: result: GNU/Linux ld.so
configure:16436: checking how to hardcode library paths into programs
configure:16461: result: immediate
configure:16503: checking dependency style of /opt/rt-n56u/toolchain-mipsel/toolchain-3.4.x/bin/mipsel-linux-uclibc-g++ -mips32r2 -march=mips32r2
configure:16614: result: gcc3
configure:16630: checking whether ln -s works
configure:16634: result: yes
configure:16641: checking whether make sets $(MAKE)
configure:16663: result: yes
configure:16683: checking for mipsel-linux-pkg-config
configure:16716: result: no
configure:16726: checking for pkg-config
configure:16744: found /usr/bin/pkg-config
configure:16756: result: /usr/bin/pkg-config
configure:16781: checking pkg-config is at least version 0.20
configure:16784: result: yes
configure:16795: checking for sphinx-build
configure:16828: result: no
configure:16848: checking for NETTLE
configure:16855: $PKG_CONFIG --exists --print-errors "nettle >= 2.4"
Package nettle was not found in the pkg-config search path.
Perhaps you should add the directory containing `nettle.pc'
to the PKG_CONFIG_PATH environment variable
No package 'nettle' found
configure:16858: $? = 1
configure:16872: $PKG_CONFIG --exists --print-errors "nettle >= 2.4"
Package nettle was not found in the pkg-config search path.
Perhaps you should add the directory containing `nettle.pc'
to the PKG_CONFIG_PATH environment variable
No package 'nettle' found
configure:16875: $? = 1
configure:16889: result: no
No package 'nettle' found
configure:16918: checking for CU_initialize_registry in -lcunit
configure:16943: /opt/rt-n56u/toolchain-mipsel/toolchain-3.4.x/bin/mipsel-linux-uclibc-gcc -mips32r2 -march=mips32r2 -o conftest -Os -fomit-frame-pointer -pipe  -Dlinux -D__linux__ -Dunix -DEMBED -I/opt/rt-n56u/trunk/stage/include -Wall -Wno-trigraphs -Wno-strict-aliasing -Wno-format-security -Wno-unused-but-set-variable -fno-tree-slsr -Wno-pointer-sign -ffunction-sections -fdata-sections -ffunction-sections -fdata-sections  -L/opt/rt-n56u/trunk/stage/lib -Wl,--gc-sections -Wl,--gc-sections conftest.c -lcunit   >&5
/opt/rt-n56u/toolchain-mipsel/toolchain-3.4.x/lib/gcc/mipsel-linux-uclibc/5.4.0/../../../../mipsel-linux-uclibc/bin/ld: cannot find -lcunit
collect2: error: ld returned 1 exit status
configure:16943: $? = 1
configure: failed program was:
| /* confdefs.h */
| #define PACKAGE_NAME "wslay"
| #define PACKAGE_TARNAME "wslay"
| #define PACKAGE_VERSION "1.0.1-DEV"
| #define PACKAGE_STRING "wslay 1.0.1-DEV"
| #define PACKAGE_BUGREPORT "t-tujikawa@users.sourceforge.net"
| #define PACKAGE_URL ""
| #define STDC_HEADERS 1
| #define HAVE_SYS_TYPES_H 1
| #define HAVE_SYS_STAT_H 1
| #define HAVE_STDLIB_H 1
| #define HAVE_STRING_H 1
| #define HAVE_MEMORY_H 1
| #define HAVE_STRINGS_H 1
| #define HAVE_INTTYPES_H 1
| #define HAVE_STDINT_H 1
| #define HAVE_UNISTD_H 1
| #define HAVE_DLFCN_H 1
| #define LT_OBJDIR ".libs/"
| #define PACKAGE "wslay"
| #define VERSION "1.0.1-DEV"
| /* end confdefs.h.  */
| 
| /* Override any GCC internal prototype to avoid an error.
|    Use char because int might match the return type of a GCC
|    builtin and then its argument prototype would still apply.  */
| #ifdef __cplusplus
| extern "C"
| #endif
| char CU_initialize_registry ();
| int
| main ()
| {
| return CU_initialize_registry ();
|   ;
|   return 0;
| }
configure:16952: result: no
configure:16988: checking arpa/inet.h usability
configure:16988: /opt/rt-n56u/toolchain-mipsel/toolchain-3.4.x/bin/mipsel-linux-uclibc-gcc -mips32r2 -march=mips32r2 -c -Os -fomit-frame-pointer -pipe  -Dlinux -D__linux__ -Dunix -DEMBED -I/opt/rt-n56u/trunk/stage/include -Wall -Wno-trigraphs -Wno-strict-aliasing -Wno-format-security -Wno-unused-but-set-variable -fno-tree-slsr -Wno-pointer-sign -ffunction-sections -fdata-sections -ffunction-sections -fdata-sections  conftest.c >&5
configure:16988: $? = 0
configure:16988: result: yes
configure:16988: checking arpa/inet.h presence
configure:16988: /opt/rt-n56u/toolchain-mipsel/toolchain-3.4.x/bin/mipsel-linux-uclibc-gcc -mips32r2 -march=mips32r2 -E  conftest.c
configure:16988: $? = 0
configure:16988: result: yes
configure:16988: checking for arpa/inet.h
configure:16988: result: yes
configure:16988: checking netinet/in.h usability
configure:16988: /opt/rt-n56u/toolchain-mipsel/toolchain-3.4.x/bin/mipsel-linux-uclibc-gcc -mips32r2 -march=mips32r2 -c -Os -fomit-frame-pointer -pipe  -Dlinux -D__linux__ -Dunix -DEMBED -I/opt/rt-n56u/trunk/stage/include -Wall -Wno-trigraphs -Wno-strict-aliasing -Wno-format-security -Wno-unused-but-set-variable -fno-tree-slsr -Wno-pointer-sign -ffunction-sections -fdata-sections -ffunction-sections -fdata-sections  conftest.c >&5
configure:16988: $? = 0
configure:16988: result: yes
configure:16988: checking netinet/in.h presence
configure:16988: /opt/rt-n56u/toolchain-mipsel/toolchain-3.4.x/bin/mipsel-linux-uclibc-gcc -mips32r2 -march=mips32r2 -E  conftest.c
configure:16988: $? = 0
configure:16988: result: yes
configure:16988: checking for netinet/in.h
configure:16988: result: yes
configure:16988: checking stddef.h usability
configure:16988: /opt/rt-n56u/toolchain-mipsel/toolchain-3.4.x/bin/mipsel-linux-uclibc-gcc -mips32r2 -march=mips32r2 -c -Os -fomit-frame-pointer -pipe  -Dlinux -D__linux__ -Dunix -DEMBED -I/opt/rt-n56u/trunk/stage/include -Wall -Wno-trigraphs -Wno-strict-aliasing -Wno-format-security -Wno-unused-but-set-variable -fno-tree-slsr -Wno-pointer-sign -ffunction-sections -fdata-sections -ffunction-sections -fdata-sections  conftest.c >&5
configure:16988: $? = 0
configure:16988: result: yes
configure:16988: checking stddef.h presence
configure:16988: /opt/rt-n56u/toolchain-mipsel/toolchain-3.4.x/bin/mipsel-linux-uclibc-gcc -mips32r2 -march=mips32r2 -E  conftest.c
configure:16988: $? = 0
configure:16988: result: yes
configure:16988: checking for stddef.h
configure:16988: result: yes
configure:16988: checking for stdint.h
configure:16988: result: yes
configure:16988: checking for stdlib.h
configure:16988: result: yes
configure:16988: checking for string.h
configure:16988: result: yes
configure:16988: checking for unistd.h
configure:16988: result: yes
configure:17018: checking for size_t
configure:17018: /opt/rt-n56u/toolchain-mipsel/toolchain-3.4.x/bin/mipsel-linux-uclibc-gcc -mips32r2 -march=mips32r2 -c -Os -fomit-frame-pointer -pipe  -Dlinux -D__linux__ -Dunix -DEMBED -I/opt/rt-n56u/trunk/stage/include -Wall -Wno-trigraphs -Wno-strict-aliasing -Wno-format-security -Wno-unused-but-set-variable -fno-tree-slsr -Wno-pointer-sign -ffunction-sections -fdata-sections -ffunction-sections -fdata-sections  conftest.c >&5
configure:17018: $? = 0
configure:17018: /opt/rt-n56u/toolchain-mipsel/toolchain-3.4.x/bin/mipsel-linux-uclibc-gcc -mips32r2 -march=mips32r2 -c -Os -fomit-frame-pointer -pipe  -Dlinux -D__linux__ -Dunix -DEMBED -I/opt/rt-n56u/trunk/stage/include -Wall -Wno-trigraphs -Wno-strict-aliasing -Wno-format-security -Wno-unused-but-set-variable -fno-tree-slsr -Wno-pointer-sign -ffunction-sections -fdata-sections -ffunction-sections -fdata-sections  conftest.c >&5
conftest.c: In function 'main':
conftest.c:66:21: error: expected expression before ')' token
 if (sizeof ((size_t)))
                     ^
configure:17018: $? = 1
configure: failed program was:
| /* confdefs.h */
| #define PACKAGE_NAME "wslay"
| #define PACKAGE_TARNAME "wslay"
| #define PACKAGE_VERSION "1.0.1-DEV"
| #define PACKAGE_STRING "wslay 1.0.1-DEV"
| #define PACKAGE_BUGREPORT "t-tujikawa@users.sourceforge.net"
| #define PACKAGE_URL ""
| #define STDC_HEADERS 1
| #define HAVE_SYS_TYPES_H 1
| #define HAVE_SYS_STAT_H 1
| #define HAVE_STDLIB_H 1
| #define HAVE_STRING_H 1
| #define HAVE_MEMORY_H 1
| #define HAVE_STRINGS_H 1
| #define HAVE_INTTYPES_H 1
| #define HAVE_STDINT_H 1
| #define HAVE_UNISTD_H 1
| #define HAVE_DLFCN_H 1
| #define LT_OBJDIR ".libs/"
| #define PACKAGE "wslay"
| #define VERSION "1.0.1-DEV"
| #define HAVE_ARPA_INET_H 1
| #define HAVE_NETINET_IN_H 1
| #define HAVE_STDDEF_H 1
| #define HAVE_STDINT_H 1
| #define HAVE_STDLIB_H 1
| #define HAVE_STRING_H 1
| #define HAVE_UNISTD_H 1
| /* end confdefs.h.  */
| #include <stdio.h>
| #ifdef HAVE_SYS_TYPES_H
| # include <sys/types.h>
| #endif
| #ifdef HAVE_SYS_STAT_H
| # include <sys/stat.h>
| #endif
| #ifdef STDC_HEADERS
| # include <stdlib.h>
| # include <stddef.h>
| #else
| # ifdef HAVE_STDLIB_H
| #  include <stdlib.h>
| # endif
| #endif
| #ifdef HAVE_STRING_H
| # if !defined STDC_HEADERS && defined HAVE_MEMORY_H
| #  include <memory.h>
| # endif
| # include <string.h>
| #endif
| #ifdef HAVE_STRINGS_H
| # include <strings.h>
| #endif
| #ifdef HAVE_INTTYPES_H
| # include <inttypes.h>
| #endif
| #ifdef HAVE_STDINT_H
| # include <stdint.h>
| #endif
| #ifdef HAVE_UNISTD_H
| # include <unistd.h>
| #endif
| int
| main ()
| {
| if (sizeof ((size_t)))
| 	    return 0;
|   ;
|   return 0;
| }
configure:17018: result: yes
configure:17029: checking for ssize_t
configure:17029: /opt/rt-n56u/toolchain-mipsel/toolchain-3.4.x/bin/mipsel-linux-uclibc-gcc -mips32r2 -march=mips32r2 -c -Os -fomit-frame-pointer -pipe  -Dlinux -D__linux__ -Dunix -DEMBED -I/opt/rt-n56u/trunk/stage/include -Wall -Wno-trigraphs -Wno-strict-aliasing -Wno-format-security -Wno-unused-but-set-variable -fno-tree-slsr -Wno-pointer-sign -ffunction-sections -fdata-sections -ffunction-sections -fdata-sections  conftest.c >&5
configure:17029: $? = 0
configure:17029: /opt/rt-n56u/toolchain-mipsel/toolchain-3.4.x/bin/mipsel-linux-uclibc-gcc -mips32r2 -march=mips32r2 -c -Os -fomit-frame-pointer -pipe  -Dlinux -D__linux__ -Dunix -DEMBED -I/opt/rt-n56u/trunk/stage/include -Wall -Wno-trigraphs -Wno-strict-aliasing -Wno-format-security -Wno-unused-but-set-variable -fno-tree-slsr -Wno-pointer-sign -ffunction-sections -fdata-sections -ffunction-sections -fdata-sections  conftest.c >&5
conftest.c: In function 'main':
conftest.c:66:22: error: expected expression before ')' token
 if (sizeof ((ssize_t)))
                      ^
configure:17029: $? = 1
configure: failed program was:
| /* confdefs.h */
| #define PACKAGE_NAME "wslay"
| #define PACKAGE_TARNAME "wslay"
| #define PACKAGE_VERSION "1.0.1-DEV"
| #define PACKAGE_STRING "wslay 1.0.1-DEV"
| #define PACKAGE_BUGREPORT "t-tujikawa@users.sourceforge.net"
| #define PACKAGE_URL ""
| #define STDC_HEADERS 1
| #define HAVE_SYS_TYPES_H 1
| #define HAVE_SYS_STAT_H 1
| #define HAVE_STDLIB_H 1
| #define HAVE_STRING_H 1
| #define HAVE_MEMORY_H 1
| #define HAVE_STRINGS_H 1
| #define HAVE_INTTYPES_H 1
| #define HAVE_STDINT_H 1
| #define HAVE_UNISTD_H 1
| #define HAVE_DLFCN_H 1
| #define LT_OBJDIR ".libs/"
| #define PACKAGE "wslay"
| #define VERSION "1.0.1-DEV"
| #define HAVE_ARPA_INET_H 1
| #define HAVE_NETINET_IN_H 1
| #define HAVE_STDDEF_H 1
| #define HAVE_STDINT_H 1
| #define HAVE_STDLIB_H 1
| #define HAVE_STRING_H 1
| #define HAVE_UNISTD_H 1
| /* end confdefs.h.  */
| #include <stdio.h>
| #ifdef HAVE_SYS_TYPES_H
| # include <sys/types.h>
| #endif
| #ifdef HAVE_SYS_STAT_H
| # include <sys/stat.h>
| #endif
| #ifdef STDC_HEADERS
| # include <stdlib.h>
| # include <stddef.h>
| #else
| # ifdef HAVE_STDLIB_H
| #  include <stdlib.h>
| # endif
| #endif
| #ifdef HAVE_STRING_H
| # if !defined STDC_HEADERS && defined HAVE_MEMORY_H
| #  include <memory.h>
| # endif
| # include <string.h>
| #endif
| #ifdef HAVE_STRINGS_H
| # include <strings.h>
| #endif
| #ifdef HAVE_INTTYPES_H
| # include <inttypes.h>
| #endif
| #ifdef HAVE_STDINT_H
| # include <stdint.h>
| #endif
| #ifdef HAVE_UNISTD_H
| # include <unistd.h>
| #endif
| int
| main ()
| {
| if (sizeof ((ssize_t)))
| 	    return 0;
|   ;
|   return 0;
| }
configure:17029: result: yes
configure:17040: checking for uint8_t
configure:17040: /opt/rt-n56u/toolchain-mipsel/toolchain-3.4.x/bin/mipsel-linux-uclibc-gcc -mips32r2 -march=mips32r2 -c -Os -fomit-frame-pointer -pipe  -Dlinux -D__linux__ -Dunix -DEMBED -I/opt/rt-n56u/trunk/stage/include -Wall -Wno-trigraphs -Wno-strict-aliasing -Wno-format-security -Wno-unused-but-set-variable -fno-tree-slsr -Wno-pointer-sign -ffunction-sections -fdata-sections -ffunction-sections -fdata-sections  conftest.c >&5
configure:17040: $? = 0
configure:17040: result: yes
configure:17054: checking for uint16_t
configure:17054: /opt/rt-n56u/toolchain-mipsel/toolchain-3.4.x/bin/mipsel-linux-uclibc-gcc -mips32r2 -march=mips32r2 -c -Os -fomit-frame-pointer -pipe  -Dlinux -D__linux__ -Dunix -DEMBED -I/opt/rt-n56u/trunk/stage/include -Wall -Wno-trigraphs -Wno-strict-aliasing -Wno-format-security -Wno-unused-but-set-variable -fno-tree-slsr -Wno-pointer-sign -ffunction-sections -fdata-sections -ffunction-sections -fdata-sections  conftest.c >&5
configure:17054: $? = 0
configure:17054: result: yes
configure:17066: checking for uint32_t
configure:17066: /opt/rt-n56u/toolchain-mipsel/toolchain-3.4.x/bin/mipsel-linux-uclibc-gcc -mips32r2 -march=mips32r2 -c -Os -fomit-frame-pointer -pipe  -Dlinux -D__linux__ -Dunix -DEMBED -I/opt/rt-n56u/trunk/stage/include -Wall -Wno-trigraphs -Wno-strict-aliasing -Wno-format-security -Wno-unused-but-set-variable -fno-tree-slsr -Wno-pointer-sign -ffunction-sections -fdata-sections -ffunction-sections -fdata-sections  conftest.c >&5
configure:17066: $? = 0
configure:17066: result: yes
configure:17080: checking for uint64_t
configure:17080: /opt/rt-n56u/toolchain-mipsel/toolchain-3.4.x/bin/mipsel-linux-uclibc-gcc -mips32r2 -march=mips32r2 -c -Os -fomit-frame-pointer -pipe  -Dlinux -D__linux__ -Dunix -DEMBED -I/opt/rt-n56u/trunk/stage/include -Wall -Wno-trigraphs -Wno-strict-aliasing -Wno-format-security -Wno-unused-but-set-variable -fno-tree-slsr -Wno-pointer-sign -ffunction-sections -fdata-sections -ffunction-sections -fdata-sections  conftest.c >&5
configure:17080: $? = 0
configure:17080: result: yes
configure:17094: checking for ptrdiff_t
configure:17094: /opt/rt-n56u/toolchain-mipsel/toolchain-3.4.x/bin/mipsel-linux-uclibc-gcc -mips32r2 -march=mips32r2 -c -Os -fomit-frame-pointer -pipe  -Dlinux -D__linux__ -Dunix -DEMBED -I/opt/rt-n56u/trunk/stage/include -Wall -Wno-trigraphs -Wno-strict-aliasing -Wno-format-security -Wno-unused-but-set-variable -fno-tree-slsr -Wno-pointer-sign -ffunction-sections -fdata-sections -ffunction-sections -fdata-sections  conftest.c >&5
configure:17094: $? = 0
configure:17094: /opt/rt-n56u/toolchain-mipsel/toolchain-3.4.x/bin/mipsel-linux-uclibc-gcc -mips32r2 -march=mips32r2 -c -Os -fomit-frame-pointer -pipe  -Dlinux -D__linux__ -Dunix -DEMBED -I/opt/rt-n56u/trunk/stage/include -Wall -Wno-trigraphs -Wno-strict-aliasing -Wno-format-security -Wno-unused-but-set-variable -fno-tree-slsr -Wno-pointer-sign -ffunction-sections -fdata-sections -ffunction-sections -fdata-sections  conftest.c >&5
conftest.c: In function 'main':
conftest.c:66:24: error: expected expression before ')' token
 if (sizeof ((ptrdiff_t)))
                        ^
configure:17094: $? = 1
configure: failed program was:
| /* confdefs.h */
| #define PACKAGE_NAME "wslay"
| #define PACKAGE_TARNAME "wslay"
| #define PACKAGE_VERSION "1.0.1-DEV"
| #define PACKAGE_STRING "wslay 1.0.1-DEV"
| #define PACKAGE_BUGREPORT "t-tujikawa@users.sourceforge.net"
| #define PACKAGE_URL ""
| #define STDC_HEADERS 1
| #define HAVE_SYS_TYPES_H 1
| #define HAVE_SYS_STAT_H 1
| #define HAVE_STDLIB_H 1
| #define HAVE_STRING_H 1
| #define HAVE_MEMORY_H 1
| #define HAVE_STRINGS_H 1
| #define HAVE_INTTYPES_H 1
| #define HAVE_STDINT_H 1
| #define HAVE_UNISTD_H 1
| #define HAVE_DLFCN_H 1
| #define LT_OBJDIR ".libs/"
| #define PACKAGE "wslay"
| #define VERSION "1.0.1-DEV"
| #define HAVE_ARPA_INET_H 1
| #define HAVE_NETINET_IN_H 1
| #define HAVE_STDDEF_H 1
| #define HAVE_STDINT_H 1
| #define HAVE_STDLIB_H 1
| #define HAVE_STRING_H 1
| #define HAVE_UNISTD_H 1
| /* end confdefs.h.  */
| #include <stdio.h>
| #ifdef HAVE_SYS_TYPES_H
| # include <sys/types.h>
| #endif
| #ifdef HAVE_SYS_STAT_H
| # include <sys/stat.h>
| #endif
| #ifdef STDC_HEADERS
| # include <stdlib.h>
| # include <stddef.h>
| #else
| # ifdef HAVE_STDLIB_H
| #  include <stdlib.h>
| # endif
| #endif
| #ifdef HAVE_STRING_H
| # if !defined STDC_HEADERS && defined HAVE_MEMORY_H
| #  include <memory.h>
| # endif
| # include <string.h>
| #endif
| #ifdef HAVE_STRINGS_H
| # include <strings.h>
| #endif
| #ifdef HAVE_INTTYPES_H
| # include <inttypes.h>
| #endif
| #ifdef HAVE_STDINT_H
| # include <stdint.h>
| #endif
| #ifdef HAVE_UNISTD_H
| # include <unistd.h>
| #endif
| int
| main ()
| {
| if (sizeof ((ptrdiff_t)))
| 	    return 0;
|   ;
|   return 0;
| }
configure:17094: result: yes
configure:17104: checking whether byte ordering is bigendian
configure:17119: /opt/rt-n56u/toolchain-mipsel/toolchain-3.4.x/bin/mipsel-linux-uclibc-gcc -mips32r2 -march=mips32r2 -c -Os -fomit-frame-pointer -pipe  -Dlinux -D__linux__ -Dunix -DEMBED -I/opt/rt-n56u/trunk/stage/include -Wall -Wno-trigraphs -Wno-strict-aliasing -Wno-format-security -Wno-unused-but-set-variable -fno-tree-slsr -Wno-pointer-sign -ffunction-sections -fdata-sections -ffunction-sections -fdata-sections  conftest.c >&5
conftest.c:32:9: error: unknown type name 'not'
         not a universal capable compiler
         ^
conftest.c:32:15: error: expected '=', ',', ';', 'asm' or '__attribute__' before 'universal'
         not a universal capable compiler
               ^
conftest.c:32:15: error: unknown type name 'universal'
configure:17119: $? = 1
configure: failed program was:
| /* confdefs.h */
| #define PACKAGE_NAME "wslay"
| #define PACKAGE_TARNAME "wslay"
| #define PACKAGE_VERSION "1.0.1-DEV"
| #define PACKAGE_STRING "wslay 1.0.1-DEV"
| #define PACKAGE_BUGREPORT "t-tujikawa@users.sourceforge.net"
| #define PACKAGE_URL ""
| #define STDC_HEADERS 1
| #define HAVE_SYS_TYPES_H 1
| #define HAVE_SYS_STAT_H 1
| #define HAVE_STDLIB_H 1
| #define HAVE_STRING_H 1
| #define HAVE_MEMORY_H 1
| #define HAVE_STRINGS_H 1
| #define HAVE_INTTYPES_H 1
| #define HAVE_STDINT_H 1
| #define HAVE_UNISTD_H 1
| #define HAVE_DLFCN_H 1
| #define LT_OBJDIR ".libs/"
| #define PACKAGE "wslay"
| #define VERSION "1.0.1-DEV"
| #define HAVE_ARPA_INET_H 1
| #define HAVE_NETINET_IN_H 1
| #define HAVE_STDDEF_H 1
| #define HAVE_STDINT_H 1
| #define HAVE_STDLIB_H 1
| #define HAVE_STRING_H 1
| #define HAVE_UNISTD_H 1
| #define HAVE_PTRDIFF_T 1
| /* end confdefs.h.  */
| #ifndef __APPLE_CC__
| 	       not a universal capable compiler
| 	     #endif
| 	     typedef int dummy;
| 
configure:17164: /opt/rt-n56u/toolchain-mipsel/toolchain-3.4.x/bin/mipsel-linux-uclibc-gcc -mips32r2 -march=mips32r2 -c -Os -fomit-frame-pointer -pipe  -Dlinux -D__linux__ -Dunix -DEMBED -I/opt/rt-n56u/trunk/stage/include -Wall -Wno-trigraphs -Wno-strict-aliasing -Wno-format-security -Wno-unused-but-set-variable -fno-tree-slsr -Wno-pointer-sign -ffunction-sections -fdata-sections -ffunction-sections -fdata-sections  conftest.c >&5
configure:17164: $? = 0
configure:17182: /opt/rt-n56u/toolchain-mipsel/toolchain-3.4.x/bin/mipsel-linux-uclibc-gcc -mips32r2 -march=mips32r2 -c -Os -fomit-frame-pointer -pipe  -Dlinux -D__linux__ -Dunix -DEMBED -I/opt/rt-n56u/trunk/stage/include -Wall -Wno-trigraphs -Wno-strict-aliasing -Wno-format-security -Wno-unused-but-set-variable -fno-tree-slsr -Wno-pointer-sign -ffunction-sections -fdata-sections -ffunction-sections -fdata-sections  conftest.c >&5
conftest.c: In function 'main':
conftest.c:38:4: error: unknown type name 'not'
    not big endian
    ^
conftest.c:38:12: error: expected '=', ',', ';', 'asm' or '__attribute__' before 'endian'
    not big endian
            ^
configure:17182: $? = 1
configure: failed program was:
| /* confdefs.h */
| #define PACKAGE_NAME "wslay"
| #define PACKAGE_TARNAME "wslay"
| #define PACKAGE_VERSION "1.0.1-DEV"
| #define PACKAGE_STRING "wslay 1.0.1-DEV"
| #define PACKAGE_BUGREPORT "t-tujikawa@users.sourceforge.net"
| #define PACKAGE_URL ""
| #define STDC_HEADERS 1
| #define HAVE_SYS_TYPES_H 1
| #define HAVE_SYS_STAT_H 1
| #define HAVE_STDLIB_H 1
| #define HAVE_STRING_H 1
| #define HAVE_MEMORY_H 1
| #define HAVE_STRINGS_H 1
| #define HAVE_INTTYPES_H 1
| #define HAVE_STDINT_H 1
| #define HAVE_UNISTD_H 1
| #define HAVE_DLFCN_H 1
| #define LT_OBJDIR ".libs/"
| #define PACKAGE "wslay"
| #define VERSION "1.0.1-DEV"
| #define HAVE_ARPA_INET_H 1
| #define HAVE_NETINET_IN_H 1
| #define HAVE_STDDEF_H 1
| #define HAVE_STDINT_H 1
| #define HAVE_STDLIB_H 1
| #define HAVE_STRING_H 1
| #define HAVE_UNISTD_H 1
| #define HAVE_PTRDIFF_T 1
| /* end confdefs.h.  */
| #include <sys/types.h>
| 		#include <sys/param.h>
| 
| int
| main ()
| {
| #if BYTE_ORDER != BIG_ENDIAN
| 		 not big endian
| 		#endif
| 
|   ;
|   return 0;
| }
configure:17310: result: no
configure:17339: checking for memmove
configure:17339: /opt/rt-n56u/toolchain-mipsel/toolchain-3.4.x/bin/mipsel-linux-uclibc-gcc -mips32r2 -march=mips32r2 -o conftest -Os -fomit-frame-pointer -pipe  -Dlinux -D__linux__ -Dunix -DEMBED -I/opt/rt-n56u/trunk/stage/include -Wall -Wno-trigraphs -Wno-strict-aliasing -Wno-format-security -Wno-unused-but-set-variable -fno-tree-slsr -Wno-pointer-sign -ffunction-sections -fdata-sections -ffunction-sections -fdata-sections  -L/opt/rt-n56u/trunk/stage/lib -Wl,--gc-sections -Wl,--gc-sections conftest.c  >&5
conftest.c:54:6: warning: conflicting types for built-in function 'memmove'
 char memmove ();
      ^
configure:17339: $? = 0
configure:17339: result: yes
configure:17339: checking for memset
configure:17339: /opt/rt-n56u/toolchain-mipsel/toolchain-3.4.x/bin/mipsel-linux-uclibc-gcc -mips32r2 -march=mips32r2 -o conftest -Os -fomit-frame-pointer -pipe  -Dlinux -D__linux__ -Dunix -DEMBED -I/opt/rt-n56u/trunk/stage/include -Wall -Wno-trigraphs -Wno-strict-aliasing -Wno-format-security -Wno-unused-but-set-variable -fno-tree-slsr -Wno-pointer-sign -ffunction-sections -fdata-sections -ffunction-sections -fdata-sections  -L/opt/rt-n56u/trunk/stage/lib -Wl,--gc-sections -Wl,--gc-sections conftest.c  >&5
conftest.c:55:6: warning: conflicting types for built-in function 'memset'
 char memset ();
      ^
configure:17339: $? = 0
configure:17339: result: yes
configure:17339: checking for ntohl
configure:17339: /opt/rt-n56u/toolchain-mipsel/toolchain-3.4.x/bin/mipsel-linux-uclibc-gcc -mips32r2 -march=mips32r2 -o conftest -Os -fomit-frame-pointer -pipe  -Dlinux -D__linux__ -Dunix -DEMBED -I/opt/rt-n56u/trunk/stage/include -Wall -Wno-trigraphs -Wno-strict-aliasing -Wno-format-security -Wno-unused-but-set-variable -fno-tree-slsr -Wno-pointer-sign -ffunction-sections -fdata-sections -ffunction-sections -fdata-sections  -L/opt/rt-n56u/trunk/stage/lib -Wl,--gc-sections -Wl,--gc-sections conftest.c  >&5
configure:17339: $? = 0
configure:17339: result: yes
configure:17339: checking for ntohs
configure:17339: /opt/rt-n56u/toolchain-mipsel/toolchain-3.4.x/bin/mipsel-linux-uclibc-gcc -mips32r2 -march=mips32r2 -o conftest -Os -fomit-frame-pointer -pipe  -Dlinux -D__linux__ -Dunix -DEMBED -I/opt/rt-n56u/trunk/stage/include -Wall -Wno-trigraphs -Wno-strict-aliasing -Wno-format-security -Wno-unused-but-set-variable -fno-tree-slsr -Wno-pointer-sign -ffunction-sections -fdata-sections -ffunction-sections -fdata-sections  -L/opt/rt-n56u/trunk/stage/lib -Wl,--gc-sections -Wl,--gc-sections conftest.c  >&5
configure:17339: $? = 0
configure:17339: result: yes
configure:17339: checking for htons
configure:17339: /opt/rt-n56u/toolchain-mipsel/toolchain-3.4.x/bin/mipsel-linux-uclibc-gcc -mips32r2 -march=mips32r2 -o conftest -Os -fomit-frame-pointer -pipe  -Dlinux -D__linux__ -Dunix -DEMBED -I/opt/rt-n56u/trunk/stage/include -Wall -Wno-trigraphs -Wno-strict-aliasing -Wno-format-security -Wno-unused-but-set-variable -fno-tree-slsr -Wno-pointer-sign -ffunction-sections -fdata-sections -ffunction-sections -fdata-sections  -L/opt/rt-n56u/trunk/stage/lib -Wl,--gc-sections -Wl,--gc-sections conftest.c  >&5
configure:17339: $? = 0
configure:17339: result: yes
configure:17478: checking that generated files are newer than configure
configure:17484: result: done
configure:17524: creating ./config.status

## ---------------------- ##
## Running config.status. ##
## ---------------------- ##

This file was extended by wslay config.status 1.0.1-DEV, which was
generated by GNU Autoconf 2.69.  Invocation command line was

  CONFIG_FILES    = 
  CONFIG_HEADERS  = 
  CONFIG_LINKS    = 
  CONFIG_COMMANDS = 
  $ ./config.status 

on ubuntu

config.status:1187: creating Makefile
config.status:1187: creating lib/Makefile
config.status:1187: creating lib/libwslay.pc
config.status:1187: creating lib/includes/Makefile
config.status:1187: creating lib/includes/wslay/wslayver.h
config.status:1187: creating tests/Makefile
config.status:1187: creating config.h
config.status:1416: executing libtool commands
config.status:1416: executing depfiles commands
configure:19948: summary of build options:

    version:        1.0.1-DEV shared 0:1:0
    Host type:      mipsel-unknown-linux-gnu
    Install prefix: /usr
    C compiler:     /opt/rt-n56u/toolchain-mipsel/toolchain-3.4.x/bin/mipsel-linux-uclibc-gcc -mips32r2 -march=mips32r2
    CFlags:         -Os -fomit-frame-pointer -pipe  -Dlinux -D__linux__ -Dunix -DEMBED -I/opt/rt-n56u/trunk/stage/include -Wall -Wno-trigraphs -Wno-strict-aliasing -Wno-format-security -Wno-unused-but-set-variable -fno-tree-slsr -Wno-pointer-sign -ffunction-sections -fdata-sections -ffunction-sections -fdata-sections
    Library types:  Shared=yes, Static=yes
    CUnit:          no
    Nettle:         no
    Build examples: no


## ---------------- ##
## Cache variables. ##
## ---------------- ##

ac_cv_build=x86_64-pc-linux-gnu
ac_cv_c_bigendian=no
ac_cv_c_compiler_gnu=yes
ac_cv_c_uint16_t=yes
ac_cv_c_uint32_t=yes
ac_cv_c_uint64_t=yes
ac_cv_c_uint8_t=yes
ac_cv_cxx_compiler_gnu=yes
ac_cv_env_CCC_set=
ac_cv_env_CCC_value=
ac_cv_env_CC_set=set
ac_cv_env_CC_value='/opt/rt-n56u/toolchain-mipsel/toolchain-3.4.x/bin/mipsel-linux-uclibc-gcc -mips32r2 -march=mips32r2'
ac_cv_env_CFLAGS_set=set
ac_cv_env_CFLAGS_value='-Os -fomit-frame-pointer -pipe  -Dlinux -D__linux__ -Dunix -DEMBED -I/opt/rt-n56u/trunk/stage/include -Wall -Wno-trigraphs -Wno-strict-aliasing -Wno-format-security -Wno-unused-but-set-variable -fno-tree-slsr -Wno-pointer-sign -ffunction-sections -fdata-sections -ffunction-sections -fdata-sections'
ac_cv_env_CPPFLAGS_set=
ac_cv_env_CPPFLAGS_value=
ac_cv_env_CPP_set=
ac_cv_env_CPP_value=
ac_cv_env_CXXCPP_set=
ac_cv_env_CXXCPP_value=
ac_cv_env_CXXFLAGS_set=set
ac_cv_env_CXXFLAGS_value='-Os -fomit-frame-pointer -pipe  -Dlinux -D__linux__ -Dunix -DEMBED -I/opt/rt-n56u/trunk/stage/include -Wall -Wno-trigraphs -Wno-strict-aliasing -Wno-format-security -Wno-unused-but-set-variable -fno-tree-slsr  -ffunction-sections -fdata-sections -ffunction-sections -fdata-sections'
ac_cv_env_CXX_set=set
ac_cv_env_CXX_value='/opt/rt-n56u/toolchain-mipsel/toolchain-3.4.x/bin/mipsel-linux-uclibc-g++ -mips32r2 -march=mips32r2'
ac_cv_env_LDFLAGS_set=set
ac_cv_env_LDFLAGS_value='-L/opt/rt-n56u/trunk/stage/lib -Wl,--gc-sections -Wl,--gc-sections'
ac_cv_env_LIBS_set=
ac_cv_env_LIBS_value=
ac_cv_env_LT_SYS_LIBRARY_PATH_set=
ac_cv_env_LT_SYS_LIBRARY_PATH_value=
ac_cv_env_NETTLE_CFLAGS_set=
ac_cv_env_NETTLE_CFLAGS_value=
ac_cv_env_NETTLE_LIBS_set=
ac_cv_env_NETTLE_LIBS_value=
ac_cv_env_PKG_CONFIG_LIBDIR_set=
ac_cv_env_PKG_CONFIG_LIBDIR_value=
ac_cv_env_PKG_CONFIG_PATH_set=
ac_cv_env_PKG_CONFIG_PATH_value=
ac_cv_env_PKG_CONFIG_set=
ac_cv_env_PKG_CONFIG_value=
ac_cv_env_build_alias_set=set
ac_cv_env_build_alias_value=x86_64-pc-linux-gnu
ac_cv_env_host_alias_set=set
ac_cv_env_host_alias_value=mipsel-linux
ac_cv_env_target_alias_set=
ac_cv_env_target_alias_value=
ac_cv_func_htons=yes
ac_cv_func_memmove=yes
ac_cv_func_memset=yes
ac_cv_func_ntohl=yes
ac_cv_func_ntohs=yes
ac_cv_header_arpa_inet_h=yes
ac_cv_header_dlfcn_h=yes
ac_cv_header_inttypes_h=yes
ac_cv_header_memory_h=yes
ac_cv_header_netinet_in_h=yes
ac_cv_header_stdc=yes
ac_cv_header_stddef_h=yes
ac_cv_header_stdint_h=yes
ac_cv_header_stdlib_h=yes
ac_cv_header_string_h=yes
ac_cv_header_strings_h=yes
ac_cv_header_sys_stat_h=yes
ac_cv_header_sys_types_h=yes
ac_cv_header_unistd_h=yes
ac_cv_host=mipsel-unknown-linux-gnu
ac_cv_lib_cunit_CU_initialize_registry=no
ac_cv_objext=o
ac_cv_path_EGREP='/bin/grep -E'
ac_cv_path_FGREP='/bin/grep -F'
ac_cv_path_GREP=/bin/grep
ac_cv_path_SED=/bin/sed
ac_cv_path_ac_pt_PKG_CONFIG=/usr/bin/pkg-config
ac_cv_path_install='/usr/bin/install -c'
ac_cv_path_lt_DD=/bin/dd
ac_cv_path_mkdir=/bin/mkdir
ac_cv_prog_AR=/opt/rt-n56u/toolchain-mipsel/toolchain-3.4.x/bin/mipsel-linux-uclibc-ar
ac_cv_prog_AWK=gawk
ac_cv_prog_CC='/opt/rt-n56u/toolchain-mipsel/toolchain-3.4.x/bin/mipsel-linux-uclibc-gcc -mips32r2 -march=mips32r2'
ac_cv_prog_CPP='/opt/rt-n56u/toolchain-mipsel/toolchain-3.4.x/bin/mipsel-linux-uclibc-gcc -mips32r2 -march=mips32r2 -E'
ac_cv_prog_CXXCPP='/opt/rt-n56u/toolchain-mipsel/toolchain-3.4.x/bin/mipsel-linux-uclibc-g++ -mips32r2 -march=mips32r2 -E'
ac_cv_prog_RANLIB=/opt/rt-n56u/toolchain-mipsel/toolchain-3.4.x/bin/mipsel-linux-uclibc-ranlib
ac_cv_prog_STRIP=/opt/rt-n56u/toolchain-mipsel/toolchain-3.4.x/bin/mipsel-linux-uclibc-strip
ac_cv_prog_ac_ct_MANIFEST_TOOL=mt
ac_cv_prog_ac_ct_OBJDUMP=objdump
ac_cv_prog_cc_c89=
ac_cv_prog_cc_g=yes
ac_cv_prog_cxx_g=yes
ac_cv_prog_make_make_set=yes
ac_cv_target=mipsel-unknown-linux-gnu
ac_cv_type_ptrdiff_t=yes
ac_cv_type_size_t=yes
ac_cv_type_ssize_t=yes
am_cv_CC_dependencies_compiler_type=gcc3
am_cv_CXX_dependencies_compiler_type=gcc3
am_cv_make_support_nested_variables=yes
am_cv_prog_cc_c_o=yes
lt_cv_ar_at_file=@
lt_cv_archive_cmds_need_lc=no
lt_cv_deplibs_check_method=pass_all
lt_cv_file_magic_cmd='$MAGIC_CMD'
lt_cv_file_magic_test_file=
lt_cv_ld_reload_flag=-r
lt_cv_nm_interface='BSD nm'
lt_cv_objdir=.libs
lt_cv_path_LD=/opt/rt-n56u/toolchain-mipsel/toolchain-3.4.x/bin/mipsel-linux-uclibc-ld
lt_cv_path_LDCXX=/opt/rt-n56u/toolchain-mipsel/toolchain-3.4.x/bin/mipsel-linux-uclibc-ld
lt_cv_path_NM=/opt/rt-n56u/toolchain-mipsel/toolchain-3.4.x/bin/mipsel-linux-uclibc-nm
lt_cv_path_mainfest_tool=no
lt_cv_prog_compiler_c_o=yes
lt_cv_prog_compiler_c_o_CXX=yes
lt_cv_prog_compiler_pic='-fPIC -DPIC'
lt_cv_prog_compiler_pic_CXX='-fPIC -DPIC'
lt_cv_prog_compiler_pic_works=yes
lt_cv_prog_compiler_pic_works_CXX=yes
lt_cv_prog_compiler_rtti_exceptions=no
lt_cv_prog_compiler_static_works=yes
lt_cv_prog_compiler_static_works_CXX=yes
lt_cv_prog_gnu_ld=yes
lt_cv_prog_gnu_ldcxx=yes
lt_cv_sharedlib_from_linklib_cmd='printf %s\n'
lt_cv_shlibpath_overrides_runpath=no
lt_cv_sys_global_symbol_pipe='sed -n -e '\''s/^.*[	 ]\([ABCDGIRSTW][ABCDGIRSTW]*\)[	 ][	 ]*\([_A-Za-z][_A-Za-z0-9]*\)$/\1 \2 \2/p'\'' | sed '\''/ __gnu_lto/d'\'''
lt_cv_sys_global_symbol_to_c_name_address='sed -n -e '\''s/^: \(.*\) .*$/  {"\1", (void *) 0},/p'\'' -e '\''s/^[ABCDGIRSTW][ABCDGIRSTW]* .* \(.*\)$/  {"\1", (void *) \&\1},/p'\'''
lt_cv_sys_global_symbol_to_c_name_address_lib_prefix='sed -n -e '\''s/^: \(.*\) .*$/  {"\1", (void *) 0},/p'\'' -e '\''s/^[ABCDGIRSTW][ABCDGIRSTW]* .* \(lib.*\)$/  {"\1", (void *) \&\1},/p'\'' -e '\''s/^[ABCDGIRSTW][ABCDGIRSTW]* .* \(.*\)$/  {"lib\1", (void *) \&\1},/p'\'''
lt_cv_sys_global_symbol_to_cdecl='sed -n -e '\''s/^T .* \(.*\)$/extern int \1();/p'\'' -e '\''s/^[ABCDGIRSTW][ABCDGIRSTW]* .* \(.*\)$/extern char \1;/p'\'''
lt_cv_sys_global_symbol_to_import=
lt_cv_sys_max_cmd_len=1572864
lt_cv_to_host_file_cmd=func_convert_file_noop
lt_cv_to_tool_file_cmd=func_convert_file_noop
lt_cv_truncate_bin='/bin/dd bs=4096 count=1'

## ----------------- ##
## Output variables. ##
## ----------------- ##

ACLOCAL='${SHELL} /opt/rt-n56u/trunk/user/aria2/aria2-1.28.0/deps/wslay/missing aclocal-1.15'
AMDEPBACKSLASH='\'
AMDEP_FALSE='#'
AMDEP_TRUE=''
AMTAR='$${TAR-tar}'
AM_BACKSLASH='\'
AM_DEFAULT_V='$(AM_DEFAULT_VERBOSITY)'
AM_DEFAULT_VERBOSITY='1'
AM_V='$(V)'
AR='/opt/rt-n56u/toolchain-mipsel/toolchain-3.4.x/bin/mipsel-linux-uclibc-ar'
AUTOCONF='${SHELL} /opt/rt-n56u/trunk/user/aria2/aria2-1.28.0/deps/wslay/missing autoconf'
AUTOHEADER='${SHELL} /opt/rt-n56u/trunk/user/aria2/aria2-1.28.0/deps/wslay/missing autoheader'
AUTOMAKE='${SHELL} /opt/rt-n56u/trunk/user/aria2/aria2-1.28.0/deps/wslay/missing automake-1.15'
AWK='gawk'
CC='/opt/rt-n56u/toolchain-mipsel/toolchain-3.4.x/bin/mipsel-linux-uclibc-gcc -mips32r2 -march=mips32r2'
CCDEPMODE='depmode=gcc3'
CFLAGS='-Os -fomit-frame-pointer -pipe  -Dlinux -D__linux__ -Dunix -DEMBED -I/opt/rt-n56u/trunk/stage/include -Wall -Wno-trigraphs -Wno-strict-aliasing -Wno-format-security -Wno-unused-but-set-variable -fno-tree-slsr -Wno-pointer-sign -ffunction-sections -fdata-sections -ffunction-sections -fdata-sections'
CPP='/opt/rt-n56u/toolchain-mipsel/toolchain-3.4.x/bin/mipsel-linux-uclibc-gcc -mips32r2 -march=mips32r2 -E'
CPPFLAGS=''
CXX='/opt/rt-n56u/toolchain-mipsel/toolchain-3.4.x/bin/mipsel-linux-uclibc-g++ -mips32r2 -march=mips32r2'
CXXCPP='/opt/rt-n56u/toolchain-mipsel/toolchain-3.4.x/bin/mipsel-linux-uclibc-g++ -mips32r2 -march=mips32r2 -E'
CXXDEPMODE='depmode=gcc3'
CXXFLAGS='-Os -fomit-frame-pointer -pipe  -Dlinux -D__linux__ -Dunix -DEMBED -I/opt/rt-n56u/trunk/stage/include -Wall -Wno-trigraphs -Wno-strict-aliasing -Wno-format-security -Wno-unused-but-set-variable -fno-tree-slsr  -ffunction-sections -fdata-sections -ffunction-sections -fdata-sections'
CYGPATH_W='echo'
DEFS='-DHAVE_CONFIG_H'
DEPDIR='.deps'
DLLTOOL='false'
DSYMUTIL=''
DUMPBIN=''
ECHO_C=''
ECHO_N='-n'
ECHO_T=''
EGREP='/bin/grep -E'
ENABLE_EXAMPLES_FALSE=''
ENABLE_EXAMPLES_TRUE='#'
EXEEXT=''
FGREP='/bin/grep -F'
GREP='/bin/grep'
HAVE_CUNIT_FALSE=''
HAVE_CUNIT_TRUE='#'
HAVE_SPHINX_BUILD_FALSE=''
HAVE_SPHINX_BUILD_TRUE='#'
INSTALL_DATA='${INSTALL} -m 644'
INSTALL_PROGRAM='${INSTALL}'
INSTALL_SCRIPT='${INSTALL}'
INSTALL_STRIP_PROGRAM='$(install_sh) -c -s'
LD='/opt/rt-n56u/toolchain-mipsel/toolchain-3.4.x/bin/mipsel-linux-uclibc-ld'
LDFLAGS='-L/opt/rt-n56u/trunk/stage/lib -Wl,--gc-sections -Wl,--gc-sections'
LIBOBJS=''
LIBS=''
LIBTOOL='$(SHELL) $(top_builddir)/libtool'
LIPO=''
LN_S='ln -s'
LTLIBOBJS=''
LT_AGE='0'
LT_CURRENT='0'
LT_REVISION='1'
LT_SYS_LIBRARY_PATH=''
MAKEINFO='${SHELL} /opt/rt-n56u/trunk/user/aria2/aria2-1.28.0/deps/wslay/missing makeinfo'
MANIFEST_TOOL=':'
MKDIR_P='/bin/mkdir -p'
NETTLE_CFLAGS=''
NETTLE_LIBS=''
NM='/opt/rt-n56u/toolchain-mipsel/toolchain-3.4.x/bin/mipsel-linux-uclibc-nm'
NMEDIT=''
OBJDUMP='objdump'
OBJEXT='o'
OTOOL64=''
OTOOL=''
PACKAGE='wslay'
PACKAGE_BUGREPORT='t-tujikawa@users.sourceforge.net'
PACKAGE_NAME='wslay'
PACKAGE_STRING='wslay 1.0.1-DEV'
PACKAGE_TARNAME='wslay'
PACKAGE_URL=''
PACKAGE_VERSION='1.0.1-DEV'
PATH_SEPARATOR=':'
PKG_CONFIG='/usr/bin/pkg-config'
PKG_CONFIG_LIBDIR=''
PKG_CONFIG_PATH=''
RANLIB='/opt/rt-n56u/toolchain-mipsel/toolchain-3.4.x/bin/mipsel-linux-uclibc-ranlib'
SED='/bin/sed'
SET_MAKE=''
SHELL='/bin/bash'
SPHINX_BUILD=''
STRIP='/opt/rt-n56u/toolchain-mipsel/toolchain-3.4.x/bin/mipsel-linux-uclibc-strip'
VERSION='1.0.1-DEV'
ac_ct_AR=''
ac_ct_CC=''
ac_ct_CXX=''
ac_ct_DUMPBIN=''
am__EXEEXT_FALSE=''
am__EXEEXT_TRUE='#'
am__fastdepCC_FALSE='#'
am__fastdepCC_TRUE=''
am__fastdepCXX_FALSE='#'
am__fastdepCXX_TRUE=''
am__include='include'
am__isrc=''
am__leading_dot='.'
am__nodep='_no'
am__quote=''
am__tar='$${TAR-tar} chof - "$$tardir"'
am__untar='$${TAR-tar} xf -'
bindir='${exec_prefix}/bin'
build='x86_64-pc-linux-gnu'
build_alias='x86_64-pc-linux-gnu'
build_cpu='x86_64'
build_os='linux-gnu'
build_vendor='pc'
datadir='${datarootdir}'
datarootdir='${prefix}/share'
docdir='${datarootdir}/doc/${PACKAGE_TARNAME}'
dvidir='${docdir}'
exec_prefix='${prefix}'
host='mipsel-unknown-linux-gnu'
host_alias='mipsel-linux'
host_cpu='mipsel'
host_os='linux-gnu'
host_vendor='unknown'
htmldir='${docdir}'
includedir='${prefix}/include'
infodir='${datarootdir}/info'
install_sh='${SHELL} /opt/rt-n56u/trunk/user/aria2/aria2-1.28.0/deps/wslay/install-sh'
libdir='${exec_prefix}/lib'
libexecdir='${exec_prefix}/libexec'
localedir='${datarootdir}/locale'
localstatedir='${prefix}/var'
mandir='${datarootdir}/man'
mkdir_p='$(MKDIR_P)'
oldincludedir='/usr/include'
pdfdir='${docdir}'
prefix='/usr'
program_transform_name='s,x,x,'
psdir='${docdir}'
runstatedir='${localstatedir}/run'
sbindir='${exec_prefix}/sbin'
sharedstatedir='${prefix}/com'
sysconfdir='${prefix}/etc'
target='mipsel-unknown-linux-gnu'
target_alias=''
target_cpu='mipsel'
target_os='linux-gnu'
target_vendor='unknown'

## ----------- ##
## confdefs.h. ##
## ----------- ##

/* confdefs.h */
#define PACKAGE_NAME "wslay"
#define PACKAGE_TARNAME "wslay"
#define PACKAGE_VERSION "1.0.1-DEV"
#define PACKAGE_STRING "wslay 1.0.1-DEV"
#define PACKAGE_BUGREPORT "t-tujikawa@users.sourceforge.net"
#define PACKAGE_URL ""
#define STDC_HEADERS 1
#define HAVE_SYS_TYPES_H 1
#define HAVE_SYS_STAT_H 1
#define HAVE_STDLIB_H 1
#define HAVE_STRING_H 1
#define HAVE_MEMORY_H 1
#define HAVE_STRINGS_H 1
#define HAVE_INTTYPES_H 1
#define HAVE_STDINT_H 1
#define HAVE_UNISTD_H 1
#define HAVE_DLFCN_H 1
#define LT_OBJDIR ".libs/"
#define PACKAGE "wslay"
#define VERSION "1.0.1-DEV"
#define HAVE_ARPA_INET_H 1
#define HAVE_NETINET_IN_H 1
#define HAVE_STDDEF_H 1
#define HAVE_STDINT_H 1
#define HAVE_STDLIB_H 1
#define HAVE_STRING_H 1
#define HAVE_UNISTD_H 1
#define HAVE_PTRDIFF_T 1
#define HAVE_MEMMOVE 1
#define HAVE_MEMSET 1
#define HAVE_NTOHL 1
#define HAVE_NTOHS 1
#define HAVE_HTONS 1

configure: exit 0
